2021-12-13 19:36:18,899 - logging_operate.py[line:29] - INFO: 72029999000.60.0{'CJHGHBSZ_DM': 0.67, 'BFHGHBSZ_DM': 0.33}
2021-12-13 19:36:19,111 - logging_operate.py[line:29] - INFO: 72051000000.380.0{'ZMXZ_DM': 0.5, 'LXBZ': 0.5}
2021-12-13 19:37:44,992 - logging_operate.py[line:29] - INFO: 72029999000.60.0{'CJHGHBSZ_DM': 0.67, 'BFHGHBSZ_DM': 0.33}
2021-12-13 19:37:56,538 - logging_operate.py[line:29] - INFO: 72051000000.380.0{'ZMXZ_DM': 0.5, 'LXBZ': 0.5}
2021-12-13 19:48:40,067 - logging_operate.py[line:29] - INFO: 72029999000.60.0{'CJHGHBSZ_DM': 0.67, 'BFHGHBSZ_DM': 0.33}
2021-12-13 19:48:47,349 - logging_operate.py[line:29] - INFO: 72051000000.380.0{'ZMXZ_DM': 0.5, 'LXBZ': 0.5}
2021-12-13 19:48:49,936 - logging_operate.py[line:29] - INFO: 72052100000.00.0{'DLSBSL_CKSL_DECILE': 0.2, 'DLSBRMBLAJ_RMBLAJ_DECILE': 0.2, 'DLSBMYLAJ_MYLAJ_DECILE': 0.2, 'TSL_DECILE': 0.2, 'TSSBSL_CKSL_DECILE': 0.2}
2021-12-13 19:48:50,153 - logging_operate.py[line:29] - INFO: 72052900000.00.08{'ZFHL_DECILE': 0.33, 'ZFJSFS_DM': 0.33, 'ZFHGHBSZ_DM': 0.33}
2021-12-13 19:48:50,386 - logging_operate.py[line:29] - INFO: 72071900900.290.0{'BFHGHBSZ_DM': 1.0}
2021-12-13 19:48:50,565 - logging_operate.py[line:29] - INFO: 72082690001.00.0{'HGSPMC_EXTEND': 1.0}
2021-12-13 19:48:50,759 - logging_operate.py[line:29] - INFO: 72082790001.00.0{'BFHGHBSZ_DM': 1.0}
2021-12-13 19:48:50,956 - logging_operate.py[line:29] - INFO: 72083700000.20.0{'HGSPMC_EXTEND': 1.0}
2021-12-13 19:48:51,172 - logging_operate.py[line:29] - INFO: 72084000000.140.0{'BFHGHBSZ_DM': 1.0}
2021-12-13 19:48:51,423 - logging_operate.py[line:29] - INFO: 72085110000.230.32{'ZFJSFS_DM': 0.32, 'ZFHGHBSZ_DM': 0.32, 'HGSPMC_EXTEND': 0.37}
2021-12-13 19:48:51,706 - logging_operate.py[line:29] - INFO: 72085120000.030.03{'ZFJSFS_DM': 0.3, 'ZFHGHBSZ_DM': 0.3, 'HGSPMC_EXTEND': 0.39}
2021-12-13 19:48:51,960 - logging_operate.py[line:29] - INFO: 72085190000.030.02{'ZFJSFS_DM': 0.31, 'ZFHGHBSZ_DM': 0.31, 'HGSPMC_EXTEND': 0.31, 'CJHGHBSZ_DM': 0.08}
2021-12-13 19:48:52,245 - logging_operate.py[line:29] - INFO: 72085200000.060.0{'BFHGHBSZ_DM': 0.2, 'HGSPMC_EXTEND': 0.8}
2021-12-13 19:48:52,592 - logging_operate.py[line:29] - INFO: 72085390000.110.0{'HGSPMC_EXTEND': 1.0}
2021-12-13 19:48:52,837 - logging_operate.py[line:29] - INFO: 72089000000.030.0{'CJHGHBSZ_DM': 1.0}
2021-12-13 19:48:53,137 - logging_operate.py[line:29] - INFO: 72091690000.20.0{'MYGDQSZ_ZZMDGDQSZ': 0.12, 'CJHGHBSZ_DM': 0.88}
2021-12-13 19:48:53,351 - logging_operate.py[line:29] - INFO: 72091890000.00.08{'DLSBSL_CKSL_DECILE': 0.33, 'DLSBRMBLAJ_RMBLAJ_DECILE': 0.33, 'DLSBMYLAJ_MYLAJ_DECILE': 0.33}
2021-12-13 19:48:53,583 - logging_operate.py[line:29] - INFO: 72092600000.00.07{'DLSBSL_CKSL_DECILE': 0.33, 'DLSBRMBLAJ_RMBLAJ_DECILE': 0.33, 'DLSBMYLAJ_MYLAJ_DECILE': 0.33}
2021-12-13 19:48:53,837 - logging_operate.py[line:29] - INFO: 72092700000.030.0{'DLSBSL_CKSL_DECILE': 0.11, 'DLSBRMBLAJ_RMBLAJ_DECILE': 0.11, 'DLSBMYLAJ_MYLAJ_DECILE': 0.11, 'TSL_DECILE': 0.67}
2021-12-13 19:48:54,265 - logging_operate.py[line:29] - INFO: 72101200000.110.0{'DLSBSL_CKSL_DECILE': 0.01, 'DLSBRMBLAJ_RMBLAJ_DECILE': 0.01, 'DLSBMYLAJ_MYLAJ_DECILE': 0.01, 'YFHL_DECILE': 0.0, 'MYGDQSZ_ZZMDGDQSZ': 0.01, 'TSSBSL_CKSL_DECILE': 0.39, 'HGSPMC_EXTEND': 0.03, 'TSL_DECILE': 0.16, 'LXBZ': 0.12, 'BFHGHBSZ_DM': 0.07, 'CJHGHBSZ_DM': 0.18}
2021-12-13 19:48:54,566 - logging_operate.py[line:29] - INFO: 72103000000.010.0{'DLSBSL_CKSL_DECILE': 0.09, 'DLSBRMBLAJ_RMBLAJ_DECILE': 0.09, 'DLSBMYLAJ_MYLAJ_DECILE': 0.09, 'MYGDQSZ_ZZMDGDQSZ': 0.27, 'TSSBSL_CKSL_DECILE': 0.45}
2021-12-13 19:48:54,800 - logging_operate.py[line:29] - INFO: 72104100000.00.23{'DLSBSL_CKSL_DECILE': 0.33, 'DLSBRMBLAJ_RMBLAJ_DECILE': 0.33, 'DLSBMYLAJ_MYLAJ_DECILE': 0.33}
2021-12-13 19:48:55,154 - logging_operate.py[line:29] - INFO: 72104900000.090.02{'DLSBSL_CKSL_DECILE': 0.11, 'DLSBRMBLAJ_RMBLAJ_DECILE': 0.11, 'DLSBMYLAJ_MYLAJ_DECILE': 0.11, 'ZMXZ_DM': 0.18, 'LXBZ': 0.36, 'MYGDQSZ_ZZMDGDQSZ': 0.06, 'TSL_DECILE': 0.05, 'BFHGHBSZ_DM': 0.01, 'CJHGHBSZ_DM': 0.01}
2021-12-13 19:48:55,386 - logging_operate.py[line:29] - INFO: 72105000000.010.0{'TSL_DECILE': 0.5, 'CJHGHBSZ_DM': 0.5}
2021-12-13 19:48:55,685 - logging_operate.py[line:29] - INFO: 72106100000.010.02{'MYGDQSZ_ZZMDGDQSZ': 0.07, 'DLSBSL_CKSL_DECILE': 0.29, 'DLSBRMBLAJ_RMBLAJ_DECILE': 0.29, 'DLSBMYLAJ_MYLAJ_DECILE': 0.29, 'CJHGHBSZ_DM': 0.05}
2021-12-13 19:48:56,040 - logging_operate.py[line:29] - INFO: 72107010000.040.01{'DLSBSL_CKSL_DECILE': 0.09, 'DLSBRMBLAJ_RMBLAJ_DECILE': 0.09, 'DLSBMYLAJ_MYLAJ_DECILE': 0.09, 'ZMXZ_DM': 0.34, 'LXBZ': 0.34, 'TSSBSL_CKSL_DECILE': 0.0, 'TSL_DECILE': 0.04, 'BFHGHBSZ_DM': 0.01, 'CJHGHBSZ_DM': 0.0}
2021-12-13 19:48:56,373 - logging_operate.py[line:29] - INFO: 72107090000.220.01{'ZFJSFS_DM': 0.17, 'ZFHGHBSZ_DM': 0.18, 'HGSPMC_EXTEND': 0.65}
2021-12-13 19:48:56,594 - logging_operate.py[line:29] - INFO: 72109000000.020.0{'HGSPMC_EXTEND': 1.0}
2021-12-13 19:48:56,814 - logging_operate.py[line:29] - INFO: 72111400000.070.0{'TSL_DECILE': 0.11, 'TSSBSL_CKSL_DECILE': 0.11, 'BFHGHBSZ_DM': 0.44, 'CJHGHBSZ_DM': 0.33}
2021-12-13 19:48:57,024 - logging_operate.py[line:29] - INFO: 72111900000.030.0{'TSL_DECILE': 0.5, 'TSSBSL_CKSL_DECILE': 0.5}
2021-12-13 19:48:57,249 - logging_operate.py[line:29] - INFO: 72112300000.070.0{'BFHGHBSZ_DM': 0.2, 'CJHGHBSZ_DM': 0.8}
2021-12-13 19:48:57,485 - logging_operate.py[line:29] - INFO: 72112900000.650.0{'BFHGHBSZ_DM': 0.94, 'TSL_DECILE': 0.02, 'TSSBSL_CKSL_DECILE': 0.02, 'CJHGHBSZ_DM': 0.02}
2021-12-13 19:48:57,687 - logging_operate.py[line:29] - INFO: 72119000000.190.0{'TSL_DECILE': 0.5, 'TSSBSL_CKSL_DECILE': 0.5}
2021-12-13 19:48:57,943 - logging_operate.py[line:29] - INFO: 72121000000.020.17{'ZFHL_DECILE': 0.24, 'ZFJSFS_DM': 0.24, 'ZFHGHBSZ_DM': 0.24, 'LXBZ': 0.24, 'CJHGHBSZ_DM': 0.03}
2021-12-13 19:48:58,357 - logging_operate.py[line:29] - INFO: 72122000000.00.0{'BFHGHBSZ_DM': 1.0}
2021-12-13 19:48:58,575 - logging_operate.py[line:29] - INFO: 72123000000.130.0{'TSL_DECILE': 0.2, 'TSSBSL_CKSL_DECILE': 0.2, 'CJHGHBSZ_DM': 0.6}
2021-12-13 19:48:58,865 - logging_operate.py[line:29] - INFO: 72124000000.010.0{'ZFJSFS_DM': 0.11, 'ZFHGHBSZ_DM': 0.11, 'HGSPMC_EXTEND': 0.05, 'MYGDQSZ_ZZMDGDQSZ': 0.05, 'YFHL_DECILE': 0.11, 'TSL_DECILE': 0.53, 'BFHGHBSZ_DM': 0.05}
2021-12-13 19:48:59,117 - logging_operate.py[line:29] - INFO: 72125000000.010.0{'BFHGHBSZ_DM': 1.0}
2021-12-13 19:48:59,359 - logging_operate.py[line:29] - INFO: 72139100000.110.0{'HGSPMC_EXTEND': 1.0}
2021-12-13 19:48:59,613 - logging_operate.py[line:29] - INFO: 72141000000.050.0{'HGSPMC_EXTEND': 0.89, 'TSSBSL_CKSL_DECILE': 0.11}
2021-12-13 19:48:59,882 - logging_operate.py[line:29] - INFO: 72149900000.270.01{'ZFJSFS_DM': 0.2, 'ZFHGHBSZ_DM': 0.2, 'HGSPMC_EXTEND': 0.49, 'DLSBSL_CKSL_DECILE': 0.01, 'DLSBRMBLAJ_RMBLAJ_DECILE': 0.01, 'DLSBMYLAJ_MYLAJ_DECILE': 0.01, 'BFHGHBSZ_DM': 0.07}
2021-12-13 19:49:00,100 - logging_operate.py[line:29] - INFO: 72155000000.120.08{'DLSBSL_CKSL_DECILE': 0.18, 'DLSBRMBLAJ_RMBLAJ_DECILE': 0.18, 'DLSBMYLAJ_MYLAJ_DECILE': 0.18, 'TSL_DECILE': 0.18, 'TSSBSL_CKSL_DECILE': 0.18, 'BFHGHBSZ_DM': 0.09}
2021-12-13 19:49:00,334 - logging_operate.py[line:29] - INFO: 72159000000.040.0{'BFHGHBSZ_DM': 1.0}
2021-12-13 19:49:00,553 - logging_operate.py[line:29] - INFO: 72161090000.030.0{'CJHGHBSZ_DM': 1.0}
2021-12-13 19:49:00,789 - logging_operate.py[line:29] - INFO: 72162100000.030.0{'BFHGHBSZ_DM': 1.0}
2021-12-13 19:49:01,008 - logging_operate.py[line:29] - INFO: 72163100000.10.0{'MYGDQSZ_ZZMDGDQSZ': 0.25, 'CJHGHBSZ_DM': 0.38, 'BFHGHBSZ_DM': 0.38}
2021-12-13 19:49:01,187 - logging_operate.py[line:29] - INFO: 72164010000.250.0{'BFHGHBSZ_DM': 1.0}
2021-12-13 19:49:01,479 - logging_operate.py[line:29] - INFO: 72171000000.080.0{'MYGDQSZ_ZZMDGDQSZ': 0.04, 'BFHGHBSZ_DM': 0.62, 'TSL_DECILE': 0.1, 'TSSBSL_CKSL_DECILE': 0.1, 'CJHGHBSZ_DM': 0.15}
2021-12-13 19:49:01,764 - logging_operate.py[line:29] - INFO: 72172000000.00.03{'DLSBSL_CKSL_DECILE': 0.32, 'DLSBRMBLAJ_RMBLAJ_DECILE': 0.32, 'DLSBMYLAJ_MYLAJ_DECILE': 0.32, 'BFHGHBSZ_DM': 0.02, 'CJHGHBSZ_DM': 0.02}
2021-12-13 19:49:02,175 - logging_operate.py[line:29] - INFO: 72173010000.120.0{'TYRMBLAJ_RMBLAJ_DECILE': 0.02, 'TYSL_CKSL_DECILE': 0.02, 'TYMYLAJ_MYLAJ_DECILE': 0.02, 'TSSBSL_CKSL_DECILE': 0.05, 'HGSPMC_EXTEND': 0.45, 'MYGDQSZ_ZZMDGDQSZ': 0.06, 'TSL_DECILE': 0.06, 'BFHGHBSZ_DM': 0.24, 'ZMXZ_DM': 0.04, 'LXBZ': 0.04, 'BFJSFS_DM': 0.0, 'CJHGHBSZ_DM': 0.01}
2021-12-13 19:49:02,438 - logging_operate.py[line:29] - INFO: 72173090000.160.0{'HGSPMC_EXTEND': 0.4, 'TSSBSL_CKSL_DECILE': 0.3, 'TSL_DECILE': 0.28, 'BFHGHBSZ_DM': 0.02}
2021-12-13 19:49:02,687 - logging_operate.py[line:29] - INFO: 72179000000.230.0{'MYGDQSZ_ZZMDGDQSZ': 0.02, 'CJHGHBSZ_DM': 0.12, 'BFHGHBSZ_DM': 0.8, 'TSL_DECILE': 0.02, 'TSSBSL_CKSL_DECILE': 0.02}
2021-12-13 19:49:02,915 - logging_operate.py[line:29] - INFO: 72191200000.010.0{'ZMXZ_DM': 0.5, 'LXBZ': 0.5}
2021-12-13 19:49:03,129 - logging_operate.py[line:29] - INFO: 72191290000.020.0{'TSL_DECILE': 1.0}
2021-12-13 19:49:03,365 - logging_operate.py[line:29] - INFO: 72191329000.060.0{'TSL_DECILE': 1.0}
2021-12-13 19:49:03,654 - logging_operate.py[line:29] - INFO: 72192100000.020.0{'DLSBSL_CKSL_DECILE': 0.05, 'DLSBRMBLAJ_RMBLAJ_DECILE': 0.05, 'DLSBMYLAJ_MYLAJ_DECILE': 0.05, 'BFHL_DECILE': 0.1, 'HGSPMC_EXTEND': 0.4, 'CJHGHBSZ_DM': 0.15, 'TSL_DECILE': 0.1, 'BFHGHBSZ_DM': 0.1}
2021-12-13 19:49:03,965 - logging_operate.py[line:29] - INFO: 72192200000.040.01{'DLSBSL_CKSL_DECILE': 0.13, 'DLSBRMBLAJ_RMBLAJ_DECILE': 0.13, 'DLSBMYLAJ_MYLAJ_DECILE': 0.13, 'HGSPMC_EXTEND': 0.19, 'TSL_DECILE': 0.17, 'LXBZ': 0.13, 'BFHGHBSZ_DM': 0.13, 'CJHGHBSZ_DM': 0.01}
2021-12-13 19:49:04,249 - logging_operate.py[line:29] - INFO: 72192300000.030.0{'DLSBSL_CKSL_DECILE': 0.11, 'DLSBRMBLAJ_RMBLAJ_DECILE': 0.11, 'DLSBMYLAJ_MYLAJ_DECILE': 0.11, 'TSL_DECILE': 0.18, 'HGSPMC_EXTEND': 0.04, 'LXBZ': 0.11, 'BFHGHBSZ_DM': 0.36}
2021-12-13 19:49:04,451 - logging_operate.py[line:29] - INFO: 72192410000.070.0{'BFHGHBSZ_DM': 1.0}
2021-12-13 19:49:04,630 - logging_operate.py[line:29] - INFO: 72192420000.50.0{'BFHGHBSZ_DM': 1.0}
2021-12-13 19:49:04,872 - logging_operate.py[line:29] - INFO: 72193100000.020.05{'DLSBSL_CKSL_DECILE': 0.3, 'DLSBRMBLAJ_RMBLAJ_DECILE': 0.3, 'DLSBMYLAJ_MYLAJ_DECILE': 0.3, 'TSL_DECILE': 0.02, 'YFHGHBSZ_DM': 0.07}
2021-12-13 19:49:05,146 - logging_operate.py[line:29] - INFO: 72193200000.00.02{'DLSBSL_CKSL_DECILE': 0.33, 'DLSBRMBLAJ_RMBLAJ_DECILE': 0.33, 'DLSBMYLAJ_MYLAJ_DECILE': 0.33}
2021-12-13 19:49:05,440 - logging_operate.py[line:29] - INFO: 72193210000.010.05{'DLSBSL_CKSL_DECILE': 0.31, 'DLSBRMBLAJ_RMBLAJ_DECILE': 0.31, 'DLSBMYLAJ_MYLAJ_DECILE': 0.31, 'MYGDQSZ_ZZMDGDQSZ': 0.01, 'TSL_DECILE': 0.04, 'LXBZ': 0.01, 'BFHGHBSZ_DM': 0.01}
2021-12-13 19:49:05,665 - logging_operate.py[line:29] - INFO: 72193290000.040.0{'LXBZ': 1.0}
2021-12-13 19:49:05,910 - logging_operate.py[line:29] - INFO: 72193310000.020.0{'MYGDQSZ_ZZMDGDQSZ': 0.6, 'TSL_DECILE': 0.4}
2021-12-13 19:49:06,263 - logging_operate.py[line:29] - INFO: 72193390000.010.01{'DLSBSL_CKSL_DECILE': 0.27, 'DLSBRMBLAJ_RMBLAJ_DECILE': 0.27, 'DLSBMYLAJ_MYLAJ_DECILE': 0.27, 'MYGDQSZ_ZZMDGDQSZ': 0.0, 'TYSL_CKSL_DECILE': 0.0, 'TYMYLAJ_MYLAJ_DECILE': 0.0, 'BFJSFS_DM': 0.0, 'ZMXZ_DM': 0.0, 'LXBZ': 0.07, 'TSL_DECILE': 0.06, 'HGSPMC_EXTEND': 0.02, 'BFHGHBSZ_DM': 0.03}
2021-12-13 19:49:06,623 - logging_operate.py[line:29] - INFO: 72193400000.00.02{'DLSBSL_CKSL_DECILE': 0.31, 'DLSBRMBLAJ_RMBLAJ_DECILE': 0.31, 'DLSBMYLAJ_MYLAJ_DECILE': 0.31, 'MYGDQSZ_ZZMDGDQSZ': 0.0, 'TSL_DECILE': 0.05, 'LXBZ': 0.01, 'HGSPMC_EXTEND': 0.01, 'BFHGHBSZ_DM': 0.0}
2021-12-13 19:49:06,899 - logging_operate.py[line:29] - INFO: 72193500000.00.01{'DLSBSL_CKSL_DECILE': 0.31, 'DLSBRMBLAJ_RMBLAJ_DECILE': 0.31, 'DLSBMYLAJ_MYLAJ_DECILE': 0.31, 'BFHGHBSZ_DM': 0.06}
2021-12-13 19:49:07,182 - logging_operate.py[line:29] - INFO: 72199000000.030.01{'DLSBSL_CKSL_DECILE': 0.19, 'DLSBRMBLAJ_RMBLAJ_DECILE': 0.19, 'DLSBMYLAJ_MYLAJ_DECILE': 0.19, 'TSL_DECILE': 0.44}
2021-12-13 19:49:07,420 - logging_operate.py[line:29] - INFO: 72201100000.20.0{'TSL_DECILE': 0.78, 'BFHGHBSZ_DM': 0.22}
2021-12-13 19:49:07,649 - logging_operate.py[line:29] - INFO: 72201200000.140.0{'TSL_DECILE': 0.55, 'BFHGHBSZ_DM': 0.45}
2021-12-13 19:49:07,927 - logging_operate.py[line:29] - INFO: 72202020000.010.01{'DLSBSL_CKSL_DECILE': 0.2, 'DLSBRMBLAJ_RMBLAJ_DECILE': 0.2, 'DLSBMYLAJ_MYLAJ_DECILE': 0.2, 'MYGDQSZ_ZZMDGDQSZ': 0.13, 'TYSL_CKSL_DECILE': 0.03, 'TYMYLAJ_MYLAJ_DECILE': 0.03, 'TSL_DECILE': 0.07, 'TSSBSL_CKSL_DECILE': 0.07, 'BFHGHBSZ_DM': 0.07}
2021-12-13 19:49:08,216 - logging_operate.py[line:29] - INFO: 72202030000.010.01{'DLSBSL_CKSL_DECILE': 0.21, 'DLSBRMBLAJ_RMBLAJ_DECILE': 0.21, 'DLSBMYLAJ_MYLAJ_DECILE': 0.21, 'MYGDQSZ_ZZMDGDQSZ': 0.03, 'HGSPMC_EXTEND': 0.06, 'TSL_DECILE': 0.12, 'BFHGHBSZ_DM': 0.12, 'CJHGHBSZ_DM': 0.03}
2021-12-13 19:49:08,441 - logging_operate.py[line:29] - INFO: 72202040000.020.36{'DLSBSL_CKSL_DECILE': 0.33, 'DLSBRMBLAJ_RMBLAJ_DECILE': 0.33, 'DLSBMYLAJ_MYLAJ_DECILE': 0.33, 'BFHGHBSZ_DM': 0.02}
2021-12-13 19:49:08,681 - logging_operate.py[line:29] - INFO: 72209000000.010.0{'DLSBSL_CKSL_DECILE': 0.14, 'DLSBRMBLAJ_RMBLAJ_DECILE': 0.14, 'DLSBMYLAJ_MYLAJ_DECILE': 0.14, 'TSL_DECILE': 0.14, 'TSSBSL_CKSL_DECILE': 0.14, 'BFHGHBSZ_DM': 0.29}
2021-12-13 19:49:08,942 - logging_operate.py[line:29] - INFO: 72221100000.050.25{'DLSBSL_CKSL_DECILE': 0.31, 'DLSBRMBLAJ_RMBLAJ_DECILE': 0.31, 'DLSBMYLAJ_MYLAJ_DECILE': 0.31, 'HGSPMC_EXTEND': 0.04, 'TSL_DECILE': 0.02, 'BFHGHBSZ_DM': 0.01, 'CJHGHBSZ_DM': 0.01}
2021-12-13 19:49:09,182 - logging_operate.py[line:29] - INFO: 72221900000.010.0{'HGSPMC_EXTEND': 1.0}
2021-12-13 19:49:09,455 - logging_operate.py[line:29] - INFO: 72222000000.00.02{'DLSBSL_CKSL_DECILE': 0.33, 'DLSBRMBLAJ_RMBLAJ_DECILE': 0.33, 'DLSBMYLAJ_MYLAJ_DECILE': 0.33}
2021-12-13 19:49:09,696 - logging_operate.py[line:29] - INFO: 72223000000.030.08{'TYSL_CKSL_DECILE': 0.04, 'TYMYLAJ_MYLAJ_DECILE': 0.04, 'DLSBSL_CKSL_DECILE': 0.27, 'DLSBRMBLAJ_RMBLAJ_DECILE': 0.27, 'DLSBMYLAJ_MYLAJ_DECILE': 0.27, 'TYRMBLAJ_RMBLAJ_DECILE': 0.02, 'HGSPMC_EXTEND': 0.04, 'BFHGHBSZ_DM': 0.02, 'TSL_DECILE': 0.02}
2021-12-13 19:49:09,974 - logging_operate.py[line:29] - INFO: 72224000000.020.02{'TYRMBLAJ_RMBLAJ_DECILE': 0.19, 'TYSL_CKSL_DECILE': 0.25, 'TYMYLAJ_MYLAJ_DECILE': 0.25, 'DLSBSL_CKSL_DECILE': 0.07, 'DLSBRMBLAJ_RMBLAJ_DECILE': 0.07, 'DLSBMYLAJ_MYLAJ_DECILE': 0.07, 'TSL_DECILE': 0.03, 'CJHGHBSZ_DM': 0.07}
2021-12-13 19:49:10,296 - logging_operate.py[line:29] - INFO: 72230000000.030.0{'MYGDQSZ_ZZMDGDQSZ': 0.04, 'DLSBSL_CKSL_DECILE': 0.06, 'DLSBRMBLAJ_RMBLAJ_DECILE': 0.06, 'DLSBMYLAJ_MYLAJ_DECILE': 0.06, 'HGSPMC_EXTEND': 0.25, 'TSL_DECILE': 0.14, 'TSSBSL_CKSL_DECILE': 0.02, 'BFJSFS_DM': 0.01, 'CJHGHBSZ_DM': 0.29, 'BFHGHBSZ_DM': 0.06}
2021-12-13 19:49:10,480 - logging_operate.py[line:29] - INFO: 72249090100.50.0{'HGSPMC_EXTEND': 0.5, 'BFHGHBSZ_DM': 0.5}
2021-12-13 19:49:10,671 - logging_operate.py[line:29] - INFO: 72249090900.290.0{'BFHGHBSZ_DM': 1.0}
2021-12-13 19:49:10,911 - logging_operate.py[line:29] - INFO: 72251100000.070.0{'DLSBSL_CKSL_DECILE': 0.06, 'DLSBRMBLAJ_RMBLAJ_DECILE': 0.06, 'DLSBMYLAJ_MYLAJ_DECILE': 0.06, 'MYGDQSZ_ZZMDGDQSZ': 0.72, 'LXBZ': 0.06, 'CJHGHBSZ_DM': 0.06}
2021-12-13 19:49:11,111 - logging_operate.py[line:29] - INFO: 72251900000.090.0{'BFHGHBSZ_DM': 1.0}
2021-12-13 19:49:11,314 - logging_operate.py[line:29] - INFO: 72254010000.10.1{'DLSBSL_CKSL_DECILE': 0.25, 'DLSBRMBLAJ_RMBLAJ_DECILE': 0.25, 'DLSBMYLAJ_MYLAJ_DECILE': 0.25, 'BFHGHBSZ_DM': 0.25}
2021-12-13 19:49:11,699 - logging_operate.py[line:29] - INFO: 72254099000.170.07{'ZFHGHBSZ_DM': 0.35, 'ZFJSFS_DM': 0.34, 'DLSBSL_CKSL_DECILE': 0.06, 'DLSBRMBLAJ_RMBLAJ_DECILE': 0.06, 'DLSBMYLAJ_MYLAJ_DECILE': 0.06, 'HGSPMC_EXTEND': 0.1, 'TSL_DECILE': 0.0, 'BFHGHBSZ_DM': 0.03}
2021-12-13 19:49:11,887 - logging_operate.py[line:29] - INFO: 72255000000.00.11{'DLSBSL_CKSL_DECILE': 0.33, 'DLSBRMBLAJ_RMBLAJ_DECILE': 0.33, 'DLSBMYLAJ_MYLAJ_DECILE': 0.33}
2021-12-13 19:49:12,074 - logging_operate.py[line:29] - INFO: 72259100000.140.0{'MYGDQSZ_ZZMDGDQSZ': 1.0}
2021-12-13 19:49:12,348 - logging_operate.py[line:29] - INFO: 72259990000.270.02{'DLSBSL_CKSL_DECILE': 0.01, 'DLSBRMBLAJ_RMBLAJ_DECILE': 0.01, 'DLSBMYLAJ_MYLAJ_DECILE': 0.01, 'ZFJSFS_DM': 0.04, 'ZFHGHBSZ_DM': 0.04, 'HGSPMC_EXTEND': 0.88}
2021-12-13 19:49:12,573 - logging_operate.py[line:29] - INFO: 72261100000.020.0{'MYGDQSZ_ZZMDGDQSZ': 0.5, 'CJHGHBSZ_DM': 0.5}
2021-12-13 19:49:12,815 - logging_operate.py[line:29] - INFO: 72261900000.110.0{'CJHGHBSZ_DM': 0.11, 'TSL_DECILE': 0.42, 'BFHGHBSZ_DM': 0.47}
2021-12-13 19:49:13,037 - logging_operate.py[line:29] - INFO: 72269199900.110.0{'BFHGHBSZ_DM': 0.83, 'CJHGHBSZ_DM': 0.17}
2021-12-13 19:49:13,281 - logging_operate.py[line:29] - INFO: 72269200000.240.01{'ZMXZ_DM': 0.28, 'LXBZ': 0.28, 'BFHGHBSZ_DM': 0.28, 'TSL_DECILE': 0.07, 'TSSBSL_CKSL_DECILE': 0.02, 'CJHGHBSZ_DM': 0.07}
2021-12-13 19:49:13,614 - logging_operate.py[line:29] - INFO: 72279090000.060.0{'ZFJSFS_DM': 0.04, 'ZFHGHBSZ_DM': 0.04, 'MYGDQSZ_ZZMDGDQSZ': 0.04, 'HGSPMC_EXTEND': 0.85, 'CJHGHBSZ_DM': 0.04}
2021-12-13 19:49:13,846 - logging_operate.py[line:29] - INFO: 72283010000.040.0{'HGSPMC_EXTEND': 1.0}
2021-12-13 19:49:14,450 - logging_operate.py[line:29] - INFO: 72283090000.20.0{'ZFJSFS_DM': 0.41, 'ZFHGHBSZ_DM': 0.42, 'DLSBSL_CKSL_DECILE': 0.0, 'DLSBRMBLAJ_RMBLAJ_DECILE': 0.0, 'DLSBMYLAJ_MYLAJ_DECILE': 0.0, 'HGSPMC_EXTEND': 0.09, 'ZFHL_DECILE': 0.01, 'MYGDQSZ_ZZMDGDQSZ': 0.02, 'TSL_DECILE': 0.0, 'BFHGHBSZ_DM': 0.06, 'TSSBSL_CKSL_DECILE': 0.0, 'CJHGHBSZ_DM': 0.0}
2021-12-13 19:49:14,831 - logging_operate.py[line:29] - INFO: 72284000000.060.0{'MYGDQSZ_ZZMDGDQSZ': 0.01, 'TYRMBLAJ_RMBLAJ_DECILE': 0.0, 'TYSL_CKSL_DECILE': 0.0, 'TYMYLAJ_MYLAJ_DECILE': 0.0, 'CJHGHBSZ_DM': 0.54, 'TSSBSL_CKSL_DECILE': 0.11, 'TSL_DECILE': 0.03, 'BFHGHBSZ_DM': 0.3}
2021-12-13 19:49:15,166 - logging_operate.py[line:29] - INFO: 72285000000.280.02{'DLSBSL_CKSL_DECILE': 0.01, 'DLSBRMBLAJ_RMBLAJ_DECILE': 0.01, 'DLSBMYLAJ_MYLAJ_DECILE': 0.01, 'ZFJSFS_DM': 0.27, 'ZFHGHBSZ_DM': 0.28, 'TYRMBLAJ_RMBLAJ_DECILE': 0.0, 'TYSL_CKSL_DECILE': 0.0, 'TYMYLAJ_MYLAJ_DECILE': 0.0, 'TSSBSL_CKSL_DECILE': 0.0, 'HGSPMC_EXTEND': 0.19, 'BFHGHBSZ_DM': 0.21, 'TSL_DECILE': 0.01}
2021-12-13 19:49:15,401 - logging_operate.py[line:29] - INFO: 72286000000.20.0{'TSL_DECILE': 0.14, 'BFHGHBSZ_DM': 0.86}
2021-12-13 19:49:15,619 - logging_operate.py[line:29] - INFO: 72287090000.020.02{'DLSBSL_CKSL_DECILE': 0.25, 'DLSBRMBLAJ_RMBLAJ_DECILE': 0.25, 'DLSBMYLAJ_MYLAJ_DECILE': 0.25, 'CJHGHBSZ_DM': 0.25}
2021-12-13 19:49:15,841 - logging_operate.py[line:29] - INFO: 72292000000.020.0{'ZMXZ_DM': 0.5, 'LXBZ': 0.5}
2021-12-13 19:49:16,137 - logging_operate.py[line:29] - INFO: 72299090000.030.0{'HGSPMC_EXTEND': 0.07, 'TSL_DECILE': 0.02, 'TSSBSL_CKSL_DECILE': 0.02, 'CJHGHBSZ_DM': 0.27, 'BFHGHBSZ_DM': 0.61}
2021-12-13 19:49:16,354 - logging_operate.py[line:29] - INFO: 73021000000.020.0{'BFHGHBSZ_DM': 1.0}
2021-12-13 19:49:16,559 - logging_operate.py[line:29] - INFO: 73024000000.070.0{'BFHGHBSZ_DM': 1.0}
2021-12-13 19:49:16,775 - logging_operate.py[line:29] - INFO: 73030090000.030.0{'MYGDQSZ_ZZMDGDQSZ': 0.5, 'BFHGHBSZ_DM': 0.5}
2021-12-13 19:49:16,980 - logging_operate.py[line:29] - INFO: 73041120000.040.0{'TSSBSL_CKSL_DECILE': 1.0}
2021-12-13 19:49:17,201 - logging_operate.py[line:29] - INFO: 73041130000.030.0{'CJHGHBSZ_DM': 1.0}
2021-12-13 19:49:17,473 - logging_operate.py[line:29] - INFO: 73041910000.020.0{'MYGDQSZ_ZZMDGDQSZ': 0.92, 'TSL_DECILE': 0.08}
2021-12-13 19:49:17,743 - logging_operate.py[line:29] - INFO: 73041920000.010.0{'ZFHL_DECILE': 0.15, 'ZFJSFS_DM': 0.15, 'ZFHGHBSZ_DM': 0.15, 'MYGDQSZ_ZZMDGDQSZ': 0.46, 'TSL_DECILE': 0.08}
2021-12-13 19:49:18,029 - logging_operate.py[line:29] - INFO: 73041930000.010.0{'ZFHL_DECILE': 0.19, 'ZFJSFS_DM': 0.19, 'ZFHGHBSZ_DM': 0.19, 'MYGDQSZ_ZZMDGDQSZ': 0.38, 'TSL_DECILE': 0.05}
2021-12-13 19:49:18,295 - logging_operate.py[line:29] - INFO: 73041990000.010.0{'MYGDQSZ_ZZMDGDQSZ': 0.83, 'TSL_DECILE': 0.17}
2021-12-13 19:49:18,529 - logging_operate.py[line:29] - INFO: 73042910000.140.0{'TSSBSL_CKSL_DECILE': 0.89, 'TSL_DECILE': 0.11}
2021-12-13 19:49:18,797 - logging_operate.py[line:29] - INFO: 73042920000.010.0{'ZMXZ_DM': 0.2, 'LXBZ': 0.2, 'TSSBSL_CKSL_DECILE': 0.2, 'TSL_DECILE': 0.4}
2021-12-13 19:49:19,017 - logging_operate.py[line:29] - INFO: 73042930000.00.03{'ZFHL_DECILE': 0.33, 'ZFJSFS_DM': 0.33, 'ZFHGHBSZ_DM': 0.33}
2021-12-13 19:49:19,318 - logging_operate.py[line:29] - INFO: 73043190000.010.0{'MYGDQSZ_ZZMDGDQSZ': 0.03, 'DLSBSL_CKSL_DECILE': 0.07, 'DLSBRMBLAJ_RMBLAJ_DECILE': 0.07, 'DLSBMYLAJ_MYLAJ_DECILE': 0.07, 'CJHGHBSZ_DM': 0.53, 'TSL_DECILE': 0.23}
2021-12-13 19:49:19,568 - logging_operate.py[line:29] - INFO: 73043990000.030.01{'DLSBSL_CKSL_DECILE': 0.17, 'DLSBRMBLAJ_RMBLAJ_DECILE': 0.17, 'DLSBMYLAJ_MYLAJ_DECILE': 0.17, 'ZMXZ_DM': 0.04, 'LXBZ': 0.04, 'TSL_DECILE': 0.09, 'BFHGHBSZ_DM': 0.13, 'CJHGHBSZ_DM': 0.17}
2021-12-13 19:49:19,772 - logging_operate.py[line:29] - INFO: 73044110000.00.13{'DLSBSL_CKSL_DECILE': 0.33, 'DLSBRMBLAJ_RMBLAJ_DECILE': 0.33, 'DLSBMYLAJ_MYLAJ_DECILE': 0.33}
2021-12-13 19:49:20,080 - logging_operate.py[line:29] - INFO: 73044190000.050.02{'DLSBSL_CKSL_DECILE': 0.14, 'DLSBRMBLAJ_RMBLAJ_DECILE': 0.14, 'DLSBMYLAJ_MYLAJ_DECILE': 0.14, 'TYRMBLAJ_RMBLAJ_DECILE': 0.02, 'TYSL_CKSL_DECILE': 0.02, 'TYMYLAJ_MYLAJ_DECILE': 0.02, 'HGSPMC_EXTEND': 0.02, 'TSL_DECILE': 0.1, 'BFHGHBSZ_DM': 0.21, 'CJHGHBSZ_DM': 0.18, 'TSSBSL_CKSL_DECILE': 0.01}
2021-12-13 19:49:20,283 - logging_operate.py[line:29] - INFO: 73044910000.00.05{'DLSBSL_CKSL_DECILE': 0.33, 'DLSBRMBLAJ_RMBLAJ_DECILE': 0.33, 'DLSBMYLAJ_MYLAJ_DECILE': 0.33}
2021-12-13 19:49:20,511 - logging_operate.py[line:29] - INFO: 73044990000.10.08{'DLSBSL_CKSL_DECILE': 0.24, 'DLSBRMBLAJ_RMBLAJ_DECILE': 0.24, 'DLSBMYLAJ_MYLAJ_DECILE': 0.24, 'HGSPMC_EXTEND': 0.12, 'TSL_DECILE': 0.06, 'BFHGHBSZ_DM': 0.12}
2021-12-13 19:49:20,751 - logging_operate.py[line:29] - INFO: 73045120000.030.0{'MYGDQSZ_ZZMDGDQSZ': 0.71, 'TSL_DECILE': 0.29}
2021-12-13 19:49:20,987 - logging_operate.py[line:29] - INFO: 73045190900.020.01{'DLSBSL_CKSL_DECILE': 0.2, 'DLSBRMBLAJ_RMBLAJ_DECILE': 0.2, 'DLSBMYLAJ_MYLAJ_DECILE': 0.2, 'TSL_DECILE': 0.3, 'BFHGHBSZ_DM': 0.1}
2021-12-13 19:49:21,210 - logging_operate.py[line:29] - INFO: 73045910900.00.02{'DLSBSL_CKSL_DECILE': 0.33, 'DLSBRMBLAJ_RMBLAJ_DECILE': 0.33, 'DLSBMYLAJ_MYLAJ_DECILE': 0.33}
2021-12-13 19:49:21,457 - logging_operate.py[line:29] - INFO: 73045990900.010.06{'DLSBSL_CKSL_DECILE': 0.32, 'DLSBRMBLAJ_RMBLAJ_DECILE': 0.32, 'DLSBMYLAJ_MYLAJ_DECILE': 0.32, 'TSSBSL_CKSL_DECILE': 0.05}
2021-12-13 19:49:21,709 - logging_operate.py[line:29] - INFO: 73049000000.020.11{'DLSBSL_CKSL_DECILE': 0.28, 'DLSBRMBLAJ_RMBLAJ_DECILE': 0.28, 'DLSBMYLAJ_MYLAJ_DECILE': 0.28, 'MYGDQSZ_ZZMDGDQSZ': 0.02, 'ZFHL_DECILE': 0.03, 'ZFJSFS_DM': 0.03, 'ZFHGHBSZ_DM': 0.03, 'TSL_DECILE': 0.03, 'HGSPMC_EXTEND': 0.01}
2021-12-13 19:49:21,912 - logging_operate.py[line:29] - INFO: 73051900000.470.0{'MYGDQSZ_ZZMDGDQSZ': 1.0}
2021-12-13 19:49:22,125 - logging_operate.py[line:29] - INFO: 73053100000.060.0{'BFHGHBSZ_DM': 1.0}
2021-12-13 19:49:22,320 - logging_operate.py[line:29] - INFO: 73053900000.150.0{'TSL_DECILE': 0.5, 'CJHGHBSZ_DM': 0.5}
2021-12-13 19:49:22,502 - logging_operate.py[line:29] - INFO: 73059000000.40.0{'TSSBSL_CKSL_DECILE': 1.0}
2021-12-13 19:49:22,747 - logging_operate.py[line:29] - INFO: 73061100000.040.0{'TYRMBLAJ_RMBLAJ_DECILE': 0.09, 'TYSL_CKSL_DECILE': 0.09, 'TYMYLAJ_MYLAJ_DECILE': 0.09, 'TSL_DECILE': 0.64, 'CJHGHBSZ_DM': 0.09}
2021-12-13 19:49:22,997 - logging_operate.py[line:29] - INFO: 73061900000.020.0{'TSSBSL_CKSL_DECILE': 1.0}
2021-12-13 19:49:23,190 - logging_operate.py[line:29] - INFO: 73062100000.080.0{'MYGDQSZ_ZZMDGDQSZ': 1.0}
2021-12-13 19:49:23,470 - logging_operate.py[line:29] - INFO: 73063090000.010.0{'DLSBSL_CKSL_DECILE': 0.21, 'DLSBRMBLAJ_RMBLAJ_DECILE': 0.21, 'DLSBMYLAJ_MYLAJ_DECILE': 0.21, 'TSL_DECILE': 0.14, 'CJHGHBSZ_DM': 0.21}
2021-12-13 19:49:23,805 - logging_operate.py[line:29] - INFO: 73064000000.060.15{'DLSBSL_CKSL_DECILE': 0.29, 'DLSBRMBLAJ_RMBLAJ_DECILE': 0.29, 'DLSBMYLAJ_MYLAJ_DECILE': 0.29, 'MYGDQSZ_ZZMDGDQSZ': 0.01, 'BFHGHBSZ_DM': 0.05, 'TSL_DECILE': 0.03, 'TSSBSL_CKSL_DECILE': 0.01, 'HGSPMC_EXTEND': 0.0, 'CJHGHBSZ_DM': 0.02}
2021-12-13 19:49:24,073 - logging_operate.py[line:29] - INFO: 73065000000.00.0{'TSL_DECILE': 1.0}
2021-12-13 19:49:24,374 - logging_operate.py[line:29] - INFO: 73066100000.060.02{'DLSBSL_CKSL_DECILE': 0.13, 'DLSBRMBLAJ_RMBLAJ_DECILE': 0.13, 'DLSBMYLAJ_MYLAJ_DECILE': 0.13, 'ZFHL_DECILE': 0.02, 'ZFJSFS_DM': 0.02, 'ZFHGHBSZ_DM': 0.02, 'LXBZ': 0.02, 'TSSBSL_CKSL_DECILE': 0.41, 'TSL_DECILE': 0.05, 'HGSPMC_EXTEND': 0.01, 'YFHGHBSZ_DM': 0.03, 'BFHGHBSZ_DM': 0.01}
2021-12-13 19:49:24,617 - logging_operate.py[line:29] - INFO: 73069000900.010.0{'DLSBSL_CKSL_DECILE': 0.2, 'DLSBRMBLAJ_RMBLAJ_DECILE': 0.2, 'DLSBMYLAJ_MYLAJ_DECILE': 0.2, 'TSL_DECILE': 0.2, 'CJHGHBSZ_DM': 0.2}
2021-12-13 19:49:24,912 - logging_operate.py[line:29] - INFO: 73071100000.090.01{'DLSBSL_CKSL_DECILE': 0.01, 'DLSBRMBLAJ_RMBLAJ_DECILE': 0.01, 'DLSBMYLAJ_MYLAJ_DECILE': 0.01, 'ZFHL_DECILE': 0.06, 'ZFJSFS_DM': 0.06, 'ZFHGHBSZ_DM': 0.06, 'HGSPMC_EXTEND': 0.1, 'TSL_DECILE': 0.07, 'BFHGHBSZ_DM': 0.54, 'TSSBSL_CKSL_DECILE': 0.01, 'CJHGHBSZ_DM': 0.08}
2021-12-13 19:49:25,213 - logging_operate.py[line:29] - INFO: 73071900000.040.0{'DLSBSL_CKSL_DECILE': 0.05, 'DLSBRMBLAJ_RMBLAJ_DECILE': 0.05, 'DLSBMYLAJ_MYLAJ_DECILE': 0.05, 'HGSPMC_EXTEND': 0.01, 'MYGDQSZ_ZZMDGDQSZ': 0.01, 'TSSBSL_CKSL_DECILE': 0.15, 'BFJSFS_DM': 0.03, 'TSL_DECILE': 0.11, 'BFHGHBSZ_DM': 0.4, 'CJHGHBSZ_DM': 0.12}
2021-12-13 19:49:25,629 - logging_operate.py[line:29] - INFO: 73072100000.040.0{'MYGDQSZ_ZZMDGDQSZ': 0.04, 'DLSBSL_CKSL_DECILE': 0.04, 'DLSBRMBLAJ_RMBLAJ_DECILE': 0.04, 'DLSBMYLAJ_MYLAJ_DECILE': 0.04, 'ZFHL_DECILE': 0.01, 'ZFJSFS_DM': 0.01, 'ZFHGHBSZ_DM': 0.01, 'TYRMBLAJ_RMBLAJ_DECILE': 0.0, 'TYSL_CKSL_DECILE': 0.0, 'TYMYLAJ_MYLAJ_DECILE': 0.0, 'BFHGHBSZ_DM': 0.28, 'CJHGHBSZ_DM': 0.16, 'TSSBSL_CKSL_DECILE': 0.16, 'HGSPMC_EXTEND': 0.03, 'YFJSFS_DM': 0.0, 'TSL_DECILE': 0.14, 'YFHL_DECILE': 0.0}
2021-12-13 19:49:25,905 - logging_operate.py[line:29] - INFO: 73072200000.010.0{'TSSBSL_CKSL_DECILE': 0.5, 'TSL_DECILE': 0.17, 'BFHGHBSZ_DM': 0.25, 'CJHGHBSZ_DM': 0.08}
2021-12-13 19:49:26,200 - logging_operate.py[line:29] - INFO: 73072300000.020.0{'DLSBSL_CKSL_DECILE': 0.06, 'DLSBRMBLAJ_RMBLAJ_DECILE': 0.06, 'DLSBMYLAJ_MYLAJ_DECILE': 0.06, 'HGSPMC_EXTEND': 0.03, 'MYGDQSZ_ZZMDGDQSZ': 0.12, 'TSSBSL_CKSL_DECILE': 0.03, 'TSL_DECILE': 0.34, 'BFHGHBSZ_DM': 0.28}
2021-12-13 19:49:26,527 - logging_operate.py[line:29] - INFO: 73072900000.020.01{'DLSBSL_CKSL_DECILE': 0.08, 'DLSBRMBLAJ_RMBLAJ_DECILE': 0.08, 'DLSBMYLAJ_MYLAJ_DECILE': 0.11, 'MYGDQSZ_ZZMDGDQSZ': 0.13, 'ZFHL_DECILE': 0.01, 'ZFJSFS_DM': 0.01, 'ZFHGHBSZ_DM': 0.01, 'LXBZ': 0.01, 'TYMYLAJ_MYLAJ_DECILE': 0.03, 'TSL_DECILE': 0.12, 'CJHGHBSZ_DM': 0.11, 'TSSBMYLAJ_MYLAJ_DECILE': 0.02, 'TSSBSL_CKSL_DECILE': 0.1, 'BFHGHBSZ_DM': 0.19, 'YFJSFS_DM': 0.01}
2021-12-13 19:49:26,917 - logging_operate.py[line:29] - INFO: 73079100000.060.0{'DLSBSL_CKSL_DECILE': 0.0, 'DLSBRMBLAJ_RMBLAJ_DECILE': 0.0, 'DLSBMYLAJ_MYLAJ_DECILE': 0.01, 'MYGDQSZ_ZZMDGDQSZ': 0.01, 'CJHGHBSZ_DM': 0.28, 'TYMYLAJ_MYLAJ_DECILE': 0.0, 'TSSBSL_CKSL_DECILE': 0.09, 'TSL_DECILE': 0.14, 'HGSPMC_EXTEND': 0.01, 'BFHGHBSZ_DM': 0.44, 'ZMXZ_DM': 0.0, 'LXBZ': 0.0, 'YFJSFS_DM': 0.01}
2021-12-13 19:49:27,203 - logging_operate.py[line:29] - INFO: 73079200000.020.0{'MYGDQSZ_ZZMDGDQSZ': 0.07, 'DLSBSL_CKSL_DECILE': 0.1, 'DLSBRMBLAJ_RMBLAJ_DECILE': 0.1, 'DLSBMYLAJ_MYLAJ_DECILE': 0.1, 'TSL_DECILE': 0.23, 'HGSPMC_EXTEND': 0.07, 'BFHGHBSZ_DM': 0.23, 'TSSBSL_CKSL_DECILE': 0.1}
2021-12-13 19:49:27,499 - logging_operate.py[line:29] - INFO: 73079300000.010.0{'MYGDQSZ_ZZMDGDQSZ': 0.71, 'HGSPMC_EXTEND': 0.12, 'TSL_DECILE': 0.12, 'BFHGHBSZ_DM': 0.06}
2021-12-13 19:49:27,872 - logging_operate.py[line:29] - INFO: 73079900000.080.0{'DLSBSL_CKSL_DECILE': 0.01, 'DLSBRMBLAJ_RMBLAJ_DECILE': 0.01, 'DLSBMYLAJ_MYLAJ_DECILE': 0.01, 'ZFHL_DECILE': 0.0, 'ZFJSFS_DM': 0.0, 'ZFHGHBSZ_DM': 0.0, 'LXBZ': 0.01, 'TSSBSL_CKSL_DECILE': 0.16, 'TYMYLAJ_MYLAJ_DECILE': 0.0, 'TSL_DECILE': 0.15, 'ZMXZ_DM': 0.0, 'HGSPMC_EXTEND': 0.21, 'BFHGHBSZ_DM': 0.33, 'YFJSFS_DM': 0.03, 'CJHGHBSZ_DM': 0.07}
2021-12-13 19:49:28,089 - logging_operate.py[line:29] - INFO: 73081000000.110.0{'TSSBSL_CKSL_DECILE': 0.38, 'TSL_DECILE': 0.25, 'BFHGHBSZ_DM': 0.25, 'CJHGHBSZ_DM': 0.12}
2021-12-13 19:49:28,318 - logging_operate.py[line:29] - INFO: 73082000000.00.1{'DLSBSL_CKSL_DECILE': 0.33, 'DLSBRMBLAJ_RMBLAJ_DECILE': 0.33, 'DLSBMYLAJ_MYLAJ_DECILE': 0.33}
2021-12-13 19:49:28,672 - logging_operate.py[line:29] - INFO: 73083000000.020.03{'DLSBSL_CKSL_DECILE': 0.25, 'DLSBRMBLAJ_RMBLAJ_DECILE': 0.25, 'DLSBMYLAJ_MYLAJ_DECILE': 0.25, 'ZFHL_DECILE': 0.01, 'ZFJSFS_DM': 0.01, 'ZFHGHBSZ_DM': 0.01, 'LXBZ': 0.01, 'ZMXZ_DM': 0.0, 'HGSPMC_EXTEND': 0.02, 'MYGDQSZ_ZZMDGDQSZ': 0.0, 'TSL_DECILE': 0.15, 'BFHGHBSZ_DM': 0.03, 'TSSBSL_CKSL_DECILE': 0.0, 'CJHGHBSZ_DM': 0.01, 'HGCJFS_DM': 0.0}
2021-12-13 19:49:29,027 - logging_operate.py[line:29] - INFO: 73084000000.050.0{'MYGDQSZ_ZZMDGDQSZ': 0.02, 'DLSBSL_CKSL_DECILE': 0.02, 'DLSBRMBLAJ_RMBLAJ_DECILE': 0.02, 'DLSBMYLAJ_MYLAJ_DECILE': 0.02, 'TSSBSL_CKSL_DECILE': 0.29, 'HGSPMC_EXTEND': 0.06, 'TSL_DECILE': 0.36, 'BFHGHBSZ_DM': 0.09, 'CJHGHBSZ_DM': 0.12}
2021-12-13 19:49:29,641 - logging_operate.py[line:29] - INFO: 73089000000.040.0{'DLSBSL_CKSL_DECILE': 0.06, 'DLSBRMBLAJ_RMBLAJ_DECILE': 0.06, 'DLSBMYLAJ_MYLAJ_DECILE': 0.07, 'ZMXZ_DM': 0.01, 'MYGDQSZ_ZZMDGDQSZ': 0.02, 'ZFHL_DECILE': 0.0, 'ZFJSFS_DM': 0.0, 'ZFHGHBSZ_DM': 0.0, 'TYRMBLAJ_RMBLAJ_DECILE': 0.01, 'TYSL_CKSL_DECILE': 0.01, 'TYMYLAJ_MYLAJ_DECILE': 0.01, 'HGSPMC_EXTEND': 0.11, 'LXBZ': 0.01, 'TSSBSL_CKSL_DECILE': 0.04, 'TSL_DECILE': 0.32, 'BFJSFS_DM': 0.0, 'BFHGHBSZ_DM': 0.23, 'CJHGHBSZ_DM': 0.04, 'HGCJFS_DM': 0.0, 'BFHL_DECILE': 0.0}
2021-12-13 19:49:29,937 - logging_operate.py[line:29] - INFO: 73090000000.080.03{'DLSBSL_CKSL_DECILE': 0.15, 'DLSBRMBLAJ_RMBLAJ_DECILE': 0.15, 'DLSBMYLAJ_MYLAJ_DECILE': 0.15, 'TSSBSL_CKSL_DECILE': 0.17, 'TSL_DECILE': 0.22, 'HGSPMC_EXTEND': 0.01, 'BFHGHBSZ_DM': 0.16}
2021-12-13 19:49:30,210 - logging_operate.py[line:29] - INFO: 73101000900.010.01{'DLSBSL_CKSL_DECILE': 0.25, 'DLSBRMBLAJ_RMBLAJ_DECILE': 0.25, 'DLSBMYLAJ_MYLAJ_DECILE': 0.25, 'MYGDQSZ_ZZMDGDQSZ': 0.04, 'HGSPMC_EXTEND': 0.04, 'YFHGHBSZ_DM': 0.04, 'BFHGHBSZ_DM': 0.14}
2021-12-13 19:49:30,448 - logging_operate.py[line:29] - INFO: 73102110000.020.0{'BFHGHBSZ_DM': 0.67, 'TSSBSL_CKSL_DECILE': 0.33}
2021-12-13 19:49:30,773 - logging_operate.py[line:29] - INFO: 73102190000.050.04{'DLSBSL_CKSL_DECILE': 0.22, 'DLSBRMBLAJ_RMBLAJ_DECILE': 0.22, 'DLSBMYLAJ_MYLAJ_DECILE': 0.22, 'MYGDQSZ_ZZMDGDQSZ': 0.01, 'TSSBSL_CKSL_DECILE': 0.0, 'HGSPMC_EXTEND': 0.16, 'TSL_DECILE': 0.08, 'BFHGHBSZ_DM': 0.02, 'CJHGHBSZ_DM': 0.07}
2021-12-13 19:49:31,072 - logging_operate.py[line:29] - INFO: 73102990000.00.0{'CJHGHBSZ_DM': 0.43, 'BFHGHBSZ_DM': 0.43, 'TSSBSL_CKSL_DECILE': 0.14}
2021-12-13 19:49:31,295 - logging_operate.py[line:29] - INFO: 73110010000.060.0{'BFHGHBSZ_DM': 0.25, 'CJHGHBSZ_DM': 0.75}
2021-12-13 19:49:31,612 - logging_operate.py[line:29] - INFO: 73110090000.010.01{'ZFHL_DECILE': 0.09, 'ZFJSFS_DM': 0.09, 'ZFHGHBSZ_DM': 0.09, 'CJHGHBSZ_DM': 0.08, 'DLSBSL_CKSL_DECILE': 0.12, 'DLSBRMBLAJ_RMBLAJ_DECILE': 0.12, 'DLSBMYLAJ_MYLAJ_DECILE': 0.12, 'MYGDQSZ_ZZMDGDQSZ': 0.02, 'BFHL_DECILE': 0.03, 'TSL_DECILE': 0.22, 'TSSBSL_CKSL_DECILE': 0.02}
2021-12-13 19:49:32,068 - logging_operate.py[line:29] - INFO: 73121000000.030.0{'TYRMBLAJ_RMBLAJ_DECILE': 0.01, 'TYSL_CKSL_DECILE': 0.01, 'TYMYLAJ_MYLAJ_DECILE': 0.01, 'TSSBSL_CKSL_DECILE': 0.05, 'DLSBSL_CKSL_DECILE': 0.07, 'DLSBRMBLAJ_RMBLAJ_DECILE': 0.07, 'DLSBMYLAJ_MYLAJ_DECILE': 0.07, 'MYGDQSZ_ZZMDGDQSZ': 0.02, 'TSL_DECILE': 0.47, 'HGSPMC_EXTEND': 0.01, 'BFHGHBSZ_DM': 0.14, 'CJHGHBSZ_DM': 0.08, 'YFJSFS_DM': 0.0}
2021-12-13 19:49:32,352 - logging_operate.py[line:29] - INFO: 73129000000.010.0{'ZFHL_DECILE': 0.04, 'ZFJSFS_DM': 0.04, 'ZFHGHBSZ_DM': 0.04, 'LXBZ': 0.04, 'DLSBSL_CKSL_DECILE': 0.09, 'DLSBRMBLAJ_RMBLAJ_DECILE': 0.09, 'DLSBMYLAJ_MYLAJ_DECILE': 0.09, 'CJHGHBSZ_DM': 0.04, 'TSL_DECILE': 0.43, 'BFHGHBSZ_DM': 0.04, 'TSSBSL_CKSL_DECILE': 0.04}
2021-12-13 19:49:32,617 - logging_operate.py[line:29] - INFO: 73141400000.010.0{'TYRMBLAJ_RMBLAJ_DECILE': 0.12, 'TYSL_CKSL_DECILE': 0.12, 'TYMYLAJ_MYLAJ_DECILE': 0.12, 'DLSBSL_CKSL_DECILE': 0.12, 'DLSBRMBLAJ_RMBLAJ_DECILE': 0.12, 'DLSBMYLAJ_MYLAJ_DECILE': 0.12, 'TSL_DECILE': 0.12, 'CJHGHBSZ_DM': 0.12}
2021-12-13 19:49:32,834 - logging_operate.py[line:29] - INFO: 73142000000.020.0{'CJHGHBSZ_DM': 1.0}
2021-12-13 19:49:33,081 - logging_operate.py[line:29] - INFO: 73143100000.010.0{'BFHGHBSZ_DM': 0.5, 'TSL_DECILE': 0.5}
2021-12-13 19:49:33,300 - logging_operate.py[line:29] - INFO: 73143900000.030.0{'BFHGHBSZ_DM': 1.0}
2021-12-13 19:49:33,560 - logging_operate.py[line:29] - INFO: 73144100000.090.0{'TSL_DECILE': 0.57, 'BFHGHBSZ_DM': 0.43}
2021-12-13 19:49:33,787 - logging_operate.py[line:29] - INFO: 73144200000.020.0{'BFHGHBSZ_DM': 1.0}
2021-12-13 19:49:34,022 - logging_operate.py[line:29] - INFO: 73144900000.040.01{'DLSBSL_CKSL_DECILE': 0.08, 'DLSBRMBLAJ_RMBLAJ_DECILE': 0.08, 'DLSBMYLAJ_MYLAJ_DECILE': 0.08, 'ZFHL_DECILE': 0.08, 'ZFJSFS_DM': 0.08, 'ZFHGHBSZ_DM': 0.08, 'TSL_DECILE': 0.25, 'BFHGHBSZ_DM': 0.25}
2021-12-13 19:49:34,301 - logging_operate.py[line:29] - INFO: 73151120000.010.0{'HGSPMC_EXTEND': 0.14, 'TSL_DECILE': 0.71, 'TSSBSL_CKSL_DECILE': 0.14}
2021-12-13 19:49:34,591 - logging_operate.py[line:29] - INFO: 73151190000.020.03{'DLSBSL_CKSL_DECILE': 0.27, 'DLSBRMBLAJ_RMBLAJ_DECILE': 0.27, 'DLSBMYLAJ_MYLAJ_DECILE': 0.27, 'ZFHL_DECILE': 0.01, 'ZFJSFS_DM': 0.01, 'ZFHGHBSZ_DM': 0.01, 'TSL_DECILE': 0.09, 'TSSBSL_CKSL_DECILE': 0.02, 'BFHGHBSZ_DM': 0.05, 'CJHGHBSZ_DM': 0.01}
2021-12-13 19:49:34,819 - logging_operate.py[line:29] - INFO: 73151200000.030.0{'MYGDQSZ_ZZMDGDQSZ': 0.25, 'TSL_DECILE': 0.5, 'BFHGHBSZ_DM': 0.25}
2021-12-13 19:49:35,061 - logging_operate.py[line:29] - INFO: 73151900000.030.01{'TYRMBLAJ_RMBLAJ_DECILE': 0.11, 'TYMYLAJ_MYLAJ_DECILE': 0.11, 'DLSBRMBLAJ_RMBLAJ_DECILE': 0.11, 'DLSBMYLAJ_MYLAJ_DECILE': 0.11, 'TSL_DECILE': 0.22, 'TSSBSL_CKSL_DECILE': 0.22, 'BFHGHBSZ_DM': 0.11}
2021-12-13 19:49:35,306 - logging_operate.py[line:29] - INFO: 73158100000.010.0{'MYGDQSZ_ZZMDGDQSZ': 0.33, 'ZFHL_DECILE': 0.17, 'ZFJSFS_DM': 0.17, 'ZFHGHBSZ_DM': 0.17, 'LXBZ': 0.17}
2021-12-13 19:49:35,582 - logging_operate.py[line:29] - INFO: 73158200000.010.0{'DLSBSL_CKSL_DECILE': 0.19, 'DLSBRMBLAJ_RMBLAJ_DECILE': 0.19, 'DLSBMYLAJ_MYLAJ_DECILE': 0.19, 'MYGDQSZ_ZZMDGDQSZ': 0.12, 'TSSBSL_CKSL_DECILE': 0.06, 'TSL_DECILE': 0.19, 'LXBZ': 0.06}
2021-12-13 19:49:35,825 - logging_operate.py[line:29] - INFO: 73158900000.00.06{'DLSBSL_CKSL_DECILE': 0.32, 'DLSBRMBLAJ_RMBLAJ_DECILE': 0.32, 'DLSBMYLAJ_MYLAJ_DECILE': 0.32, 'TSL_DECILE': 0.02, 'TSSBSL_CKSL_DECILE': 0.02}
2021-12-13 19:49:36,062 - logging_operate.py[line:29] - INFO: 73159000000.020.0{'MYGDQSZ_ZZMDGDQSZ': 0.67, 'TSL_DECILE': 0.33}
2021-12-13 19:49:36,281 - logging_operate.py[line:29] - INFO: 73160000000.140.0{'MYGDQSZ_ZZMDGDQSZ': 0.12, 'TSL_DECILE': 0.88}
2021-12-13 19:49:36,589 - logging_operate.py[line:29] - INFO: 73170000000.020.0{'MYGDQSZ_ZZMDGDQSZ': 0.1, 'DLSBSL_CKSL_DECILE': 0.02, 'DLSBRMBLAJ_RMBLAJ_DECILE': 0.02, 'DLSBMYLAJ_MYLAJ_DECILE': 0.02, 'HGSPMC_EXTEND': 0.21, 'CJHGHBSZ_DM': 0.37, 'TSL_DECILE': 0.23, 'BFHGHBSZ_DM': 0.04}
2021-12-13 19:49:36,792 - logging_operate.py[line:29] - INFO: 73181100000.140.0{'HGSPMC_EXTEND': 0.5, 'BFHGHBSZ_DM': 0.5}
2021-12-13 19:49:37,025 - logging_operate.py[line:29] - INFO: 73181300000.050.03{'MYGDQSZ_ZZMDGDQSZ': 0.1, 'DLSBSL_CKSL_DECILE': 0.2, 'DLSBRMBLAJ_RMBLAJ_DECILE': 0.2, 'DLSBMYLAJ_MYLAJ_DECILE': 0.2, 'HGSPMC_EXTEND': 0.15, 'TSL_DECILE': 0.05, 'CJHGHBSZ_DM': 0.1}
2021-12-13 19:49:37,311 - logging_operate.py[line:29] - INFO: 73181400010.080.02{'DLSBSL_CKSL_DECILE': 0.09, 'DLSBRMBLAJ_RMBLAJ_DECILE': 0.09, 'DLSBMYLAJ_MYLAJ_DECILE': 0.09, 'ZFHL_DECILE': 0.05, 'ZFJSFS_DM': 0.05, 'ZFHGHBSZ_DM': 0.05, 'TSL_DECILE': 0.04, 'HGSPMC_EXTEND': 0.55}
2021-12-13 19:49:37,601 - logging_operate.py[line:29] - INFO: 73181400900.020.04{'ZFHL_DECILE': 0.21, 'ZFJSFS_DM': 0.21, 'ZFHGHBSZ_DM': 0.21, 'LXBZ': 0.19, 'DLSBSL_CKSL_DECILE': 0.02, 'DLSBRMBLAJ_RMBLAJ_DECILE': 0.02, 'DLSBMYLAJ_MYLAJ_DECILE': 0.03, 'TYMYLAJ_MYLAJ_DECILE': 0.01, 'MYGDQSZ_ZZMDGDQSZ': 0.02, 'HGCJFS_DM': 0.01, 'TSL_DECILE': 0.06, 'BFHGHBSZ_DM': 0.02, 'TSSBSL_CKSL_DECILE': 0.01}
2021-12-13 19:49:37,969 - logging_operate.py[line:29] - INFO: 73181510010.040.01{'ZFHL_DECILE': 0.01, 'ZFJSFS_DM': 0.01, 'ZFHGHBSZ_DM': 0.01, 'LXBZ': 0.01, 'TYRMBLAJ_RMBLAJ_DECILE': 0.01, 'TYSL_CKSL_DECILE': 0.01, 'TYMYLAJ_MYLAJ_DECILE': 0.02, 'HGSPMC_EXTEND': 0.03, 'DLSBSL_CKSL_DECILE': 0.09, 'DLSBRMBLAJ_RMBLAJ_DECILE': 0.09, 'DLSBMYLAJ_MYLAJ_DECILE': 0.1, 'MYGDQSZ_ZZMDGDQSZ': 0.03, 'CJHGHBSZ_DM': 0.16, 'TSL_DECILE': 0.17, 'BFHGHBSZ_DM': 0.09, 'BFHL_DECILE': 0.01, 'YFJSFS_DM': 0.0, 'TSSBSL_CKSL_DECILE': 0.13, 'BFJSFS_DM': 0.01}
2021-12-13 19:49:38,322 - logging_operate.py[line:29] - INFO: 73181510900.020.02{'ZFHL_DECILE': 0.09, 'ZFJSFS_DM': 0.09, 'ZFHGHBSZ_DM': 0.09, 'DLSBSL_CKSL_DECILE': 0.05, 'DLSBRMBLAJ_RMBLAJ_DECILE': 0.06, 'DLSBMYLAJ_MYLAJ_DECILE': 0.12, 'LXBZ': 0.03, 'TYMYLAJ_MYLAJ_DECILE': 0.07, 'CJHGHBSZ_DM': 0.09, 'TYRMBLAJ_RMBLAJ_DECILE': 0.01, 'TSL_DECILE': 0.11, 'TSSBSL_CKSL_DECILE': 0.04, 'MYGDQSZ_ZZMDGDQSZ': 0.01, 'HGSPMC_EXTEND': 0.01, 'HGCJFS_DM': 0.03, 'BFJSFS_DM': 0.0, 'BFHGHBSZ_DM': 0.09}
2021-12-13 19:49:38,674 - logging_operate.py[line:29] - INFO: 73181590010.030.02{'DLSBSL_CKSL_DECILE': 0.19, 'DLSBRMBLAJ_RMBLAJ_DECILE': 0.19, 'DLSBMYLAJ_MYLAJ_DECILE': 0.2, 'ZFHL_DECILE': 0.0, 'ZFJSFS_DM': 0.0, 'ZFHGHBSZ_DM': 0.0, 'LXBZ': 0.0, 'MYGDQSZ_ZZMDGDQSZ': 0.03, 'TYMYLAJ_MYLAJ_DECILE': 0.01, 'TSSBSL_CKSL_DECILE': 0.03, 'TSL_DECILE': 0.09, 'BFHGHBSZ_DM': 0.07, 'HGSPMC_EXTEND': 0.01, 'BFHL_DECILE': 0.1, 'BFJSFS_DM': 0.0, 'CJHGHBSZ_DM': 0.06}
2021-12-13 19:49:39,225 - logging_operate.py[line:29] - INFO: 73181590900.020.05{'ZFHL_DECILE': 0.21, 'ZFJSFS_DM': 0.21, 'ZFHGHBSZ_DM': 0.21, 'LXBZ': 0.04, 'DLSBSL_CKSL_DECILE': 0.03, 'DLSBRMBLAJ_RMBLAJ_DECILE': 0.03, 'DLSBMYLAJ_MYLAJ_DECILE': 0.04, 'HGCJFS_DM': 0.1, 'MYGDQSZ_ZZMDGDQSZ': 0.01, 'TSL_DECILE': 0.04, 'TYMYLAJ_MYLAJ_DECILE': 0.01, 'TSSBMYLAJ_MYLAJ_DECILE': 0.0, 'CJHGHBSZ_DM': 0.01, 'TYRMBLAJ_RMBLAJ_DECILE': 0.0, 'TSSBSL_CKSL_DECILE': 0.02, 'YFJSFS_DM': 0.0, 'HGSPMC_EXTEND': 0.01, 'YFHL_DECILE': 0.0, 'BFHL_DECILE': 0.0, 'BFHGHBSZ_DM': 0.02}
2021-12-13 19:49:39,676 - logging_operate.py[line:29] - INFO: 73181600000.030.01{'MYGDQSZ_ZZMDGDQSZ': 0.04, 'ZFHL_DECILE': 0.08, 'ZFJSFS_DM': 0.08, 'ZFHGHBSZ_DM': 0.08, 'LXBZ': 0.07, 'DLSBSL_CKSL_DECILE': 0.08, 'DLSBRMBLAJ_RMBLAJ_DECILE': 0.08, 'DLSBMYLAJ_MYLAJ_DECILE': 0.1, 'TYRMBLAJ_RMBLAJ_DECILE': 0.0, 'TYSL_CKSL_DECILE': 0.0, 'TYMYLAJ_MYLAJ_DECILE': 0.02, 'CJHGHBSZ_DM': 0.03, 'TSSBSL_CKSL_DECILE': 0.04, 'TSSBMYLAJ_MYLAJ_DECILE': 0.0, 'HGSPMC_EXTEND': 0.05, 'BFHGHBSZ_DM': 0.1, 'TSL_DECILE': 0.11, 'BFHL_DECILE': 0.01}
2021-12-13 19:49:40,025 - logging_operate.py[line:29] - INFO: 73181900000.040.02{'DLSBSL_CKSL_DECILE': 0.13, 'DLSBRMBLAJ_RMBLAJ_DECILE': 0.13, 'DLSBMYLAJ_MYLAJ_DECILE': 0.13, 'MYGDQSZ_ZZMDGDQSZ': 0.01, 'ZFHL_DECILE': 0.03, 'ZFJSFS_DM': 0.03, 'ZFHGHBSZ_DM': 0.03, 'LXBZ': 0.03, 'TSSBSL_CKSL_DECILE': 0.01, 'HGSPMC_EXTEND': 0.29, 'BFHGHBSZ_DM': 0.07, 'TSL_DECILE': 0.05, 'CJHGHBSZ_DM': 0.03}
2021-12-13 19:49:40,370 - logging_operate.py[line:29] - INFO: 73182100010.020.01{'ZFHL_DECILE': 0.03, 'ZFJSFS_DM': 0.03, 'ZFHGHBSZ_DM': 0.03, 'TYRMBLAJ_RMBLAJ_DECILE': 0.02, 'TYMYLAJ_MYLAJ_DECILE': 0.11, 'DLSBRMBLAJ_RMBLAJ_DECILE': 0.02, 'DLSBMYLAJ_MYLAJ_DECILE': 0.11, 'TSL_DECILE': 0.3, 'TSSBSL_CKSL_DECILE': 0.12, 'CJHGHBSZ_DM': 0.11, 'BFHGHBSZ_DM': 0.1}
2021-12-13 19:49:40,652 - logging_operate.py[line:29] - INFO: 73182100900.030.01{'ZFHL_DECILE': 0.08, 'ZFJSFS_DM': 0.08, 'ZFHGHBSZ_DM': 0.08, 'LXBZ': 0.05, 'DLSBSL_CKSL_DECILE': 0.05, 'DLSBRMBLAJ_RMBLAJ_DECILE': 0.05, 'DLSBMYLAJ_MYLAJ_DECILE': 0.1, 'TYMYLAJ_MYLAJ_DECILE': 0.05, 'TSL_DECILE': 0.21, 'TSSBSL_CKSL_DECILE': 0.13, 'CJHGHBSZ_DM': 0.1, 'BFHL_DECILE': 0.03}
2021-12-13 19:49:41,051 - logging_operate.py[line:29] - INFO: 73182200010.020.0{'DLSBSL_CKSL_DECILE': 0.04, 'DLSBRMBLAJ_RMBLAJ_DECILE': 0.05, 'DLSBMYLAJ_MYLAJ_DECILE': 0.09, 'ZFHL_DECILE': 0.01, 'ZFJSFS_DM': 0.01, 'ZFHGHBSZ_DM': 0.01, 'LXBZ': 0.01, 'MYGDQSZ_ZZMDGDQSZ': 0.08, 'TYRMBLAJ_RMBLAJ_DECILE': 0.01, 'TYMYLAJ_MYLAJ_DECILE': 0.05, 'TSL_DECILE': 0.22, 'CJHGHBSZ_DM': 0.07, 'TSSBMYLAJ_MYLAJ_DECILE': 0.01, 'TSSBSL_CKSL_DECILE': 0.09, 'BFJSFS_DM': 0.01, 'HGSPMC_EXTEND': 0.03, 'BFHGHBSZ_DM': 0.16, 'BFHL_DECILE': 0.05}
2021-12-13 19:49:41,431 - logging_operate.py[line:29] - INFO: 73182200900.020.06{'ZFHL_DECILE': 0.23, 'ZFJSFS_DM': 0.23, 'ZFHGHBSZ_DM': 0.23, 'HGCJFS_DM': 0.11, 'LXBZ': 0.04, 'MYGDQSZ_ZZMDGDQSZ': 0.01, 'DLSBSL_CKSL_DECILE': 0.02, 'DLSBRMBLAJ_RMBLAJ_DECILE': 0.02, 'DLSBMYLAJ_MYLAJ_DECILE': 0.03, 'TYRMBLAJ_RMBLAJ_DECILE': 0.0, 'TYMYLAJ_MYLAJ_DECILE': 0.0, 'CJHGHBSZ_DM': 0.02, 'BFHGHBSZ_DM': 0.02, 'YFHL_DECILE': 0.0, 'HGSPMC_EXTEND': 0.01, 'TSL_DECILE': 0.02, 'TSSBSL_CKSL_DECILE': 0.01, 'BFHL_DECILE': 0.0}
2021-12-13 19:49:41,737 - logging_operate.py[line:29] - INFO: 73182300000.020.0{'TYRMBLAJ_RMBLAJ_DECILE': 0.04, 'TYSL_CKSL_DECILE': 0.02, 'TYMYLAJ_MYLAJ_DECILE': 0.08, 'MYGDQSZ_ZZMDGDQSZ': 0.1, 'DLSBRMBLAJ_RMBLAJ_DECILE': 0.02, 'DLSBMYLAJ_MYLAJ_DECILE': 0.06, 'CJHGHBSZ_DM': 0.02, 'TSL_DECILE': 0.23, 'BFHGHBSZ_DM': 0.4, 'TSSBSL_CKSL_DECILE': 0.04}
2021-12-13 19:49:42,156 - logging_operate.py[line:29] - INFO: 73182400000.020.03{'DLSBSL_CKSL_DECILE': 0.07, 'DLSBRMBLAJ_RMBLAJ_DECILE': 0.07, 'DLSBMYLAJ_MYLAJ_DECILE': 0.09, 'ZFHL_DECILE': 0.13, 'ZFJSFS_DM': 0.13, 'ZFHGHBSZ_DM': 0.13, 'LXBZ': 0.13, 'MYGDQSZ_ZZMDGDQSZ': 0.02, 'HGCJFS_DM': 0.01, 'TYMYLAJ_MYLAJ_DECILE': 0.02, 'CJHGHBSZ_DM': 0.02, 'TSSBMYLAJ_MYLAJ_DECILE': 0.0, 'YFJSFS_DM': 0.0, 'TSSBSL_CKSL_DECILE': 0.02, 'HGSPMC_EXTEND': 0.03, 'BFHGHBSZ_DM': 0.06, 'TSL_DECILE': 0.05}
2021-12-13 19:49:42,481 - logging_operate.py[line:29] - INFO: 73182900000.020.0{'MYGDQSZ_ZZMDGDQSZ': 0.05, 'JHFS_DM': 0.02, 'TYMYLAJ_MYLAJ_DECILE': 0.02, 'DLSBMYLAJ_MYLAJ_DECILE': 0.02, 'TSSBSL_CKSL_DECILE': 0.22, 'TSL_DECILE': 0.14, 'ZFHL_DECILE': 0.02, 'ZFJSFS_DM': 0.02, 'ZFHGHBSZ_DM': 0.02, 'LXBZ': 0.02, 'HGSPMC_EXTEND': 0.05, 'BFJSFS_DM': 0.06, 'CJHGHBSZ_DM': 0.06, 'BFHGHBSZ_DM': 0.32}
2021-12-13 19:49:42,711 - logging_operate.py[line:29] - INFO: 73194010000.010.03{'DLSBSL_CKSL_DECILE': 0.31, 'DLSBRMBLAJ_RMBLAJ_DECILE': 0.31, 'DLSBMYLAJ_MYLAJ_DECILE': 0.31, 'MYGDQSZ_ZZMDGDQSZ': 0.08}
2021-12-13 19:49:42,963 - logging_operate.py[line:29] - INFO: 73199000000.010.01{'DLSBSL_CKSL_DECILE': 0.26, 'DLSBRMBLAJ_RMBLAJ_DECILE': 0.26, 'DLSBMYLAJ_MYLAJ_DECILE': 0.26, 'MYGDQSZ_ZZMDGDQSZ': 0.05, 'TSL_DECILE': 0.05, 'BFHGHBSZ_DM': 0.05, 'CJHGHBSZ_DM': 0.05}
2021-12-13 19:49:43,190 - logging_operate.py[line:29] - INFO: 73201020000.090.0{'MYGDQSZ_ZZMDGDQSZ': 0.06, 'ZMXZ_DM': 0.35, 'LXBZ': 0.35, 'TSL_DECILE': 0.12, 'TSSBSL_CKSL_DECILE': 0.12}
2021-12-13 19:49:43,477 - logging_operate.py[line:29] - INFO: 73201090000.030.01{'ZFHL_DECILE': 0.16, 'ZFJSFS_DM': 0.16, 'ZFHGHBSZ_DM': 0.16, 'LXBZ': 0.16, 'TSL_DECILE': 0.09, 'BFHGHBSZ_DM': 0.24, 'TSSBSL_CKSL_DECILE': 0.01, 'CJHGHBSZ_DM': 0.03}
2021-12-13 19:49:43,875 - logging_operate.py[line:29] - INFO: 73202090000.040.01{'DLSBSL_CKSL_DECILE': 0.07, 'DLSBRMBLAJ_RMBLAJ_DECILE': 0.07, 'DLSBMYLAJ_MYLAJ_DECILE': 0.11, 'ZFHL_DECILE': 0.0, 'ZFJSFS_DM': 0.0, 'ZFHGHBSZ_DM': 0.0, 'LXBZ': 0.01, 'MYGDQSZ_ZZMDGDQSZ': 0.0, 'TYMYLAJ_MYLAJ_DECILE': 0.04, 'CJHGHBSZ_DM': 0.06, 'TSSBSL_CKSL_DECILE': 0.07, 'TSL_DECILE': 0.16, 'ZMXZ_DM': 0.0, 'TYRMBLAJ_RMBLAJ_DECILE': 0.0, 'HGSPMC_EXTEND': 0.22, 'BFHGHBSZ_DM': 0.15, 'YFJSFS_DM': 0.0, 'BFJSFS_DM': 0.01, 'BFHL_DECILE': 0.02}
2021-12-13 19:49:44,061 - logging_operate.py[line:29] - INFO: 73209010000.170.0{'CJHGHBSZ_DM': 1.0}
2021-12-13 19:49:44,378 - logging_operate.py[line:29] - INFO: 73209090000.020.04{'ZFHL_DECILE': 0.22, 'ZFJSFS_DM': 0.22, 'ZFHGHBSZ_DM': 0.22, 'LXBZ': 0.22, 'MYGDQSZ_ZZMDGDQSZ': 0.02, 'DLSBSL_CKSL_DECILE': 0.01, 'DLSBRMBLAJ_RMBLAJ_DECILE': 0.01, 'DLSBMYLAJ_MYLAJ_DECILE': 0.01, 'BFJSFS_DM': 0.0, 'TSL_DECILE': 0.03, 'CJHGHBSZ_DM': 0.01, 'TSSBSL_CKSL_DECILE': 0.01, 'BFHGHBSZ_DM': 0.02}
2021-12-13 19:49:44,598 - logging_operate.py[line:29] - INFO: 73218900000.020.08{'DLSBSL_CKSL_DECILE': 0.31, 'DLSBRMBLAJ_RMBLAJ_DECILE': 0.31, 'DLSBMYLAJ_MYLAJ_DECILE': 0.31, 'LXBZ': 0.06}
2021-12-13 19:49:44,946 - logging_operate.py[line:29] - INFO: 73219000000.00.0{'DLSBSL_CKSL_DECILE': 0.28, 'DLSBRMBLAJ_RMBLAJ_DECILE': 0.28, 'DLSBMYLAJ_MYLAJ_DECILE': 0.28, 'MYGDQSZ_ZZMDGDQSZ': 0.07, 'TSL_DECILE': 0.02, 'HGSPMC_EXTEND': 0.05, 'BFHL_DECILE': 0.02, 'BFHGHBSZ_DM': 0.01}
2021-12-13 19:49:45,150 - logging_operate.py[line:29] - INFO: 73229000000.060.0{'BFHGHBSZ_DM': 1.0}
2021-12-13 19:49:45,430 - logging_operate.py[line:29] - INFO: 73231000000.030.0{'ZFJSFS_DM': 0.07, 'ZFHGHBSZ_DM': 0.07, 'TSL_DECILE': 0.07, 'BFHGHBSZ_DM': 0.8}
2021-12-13 19:49:45,643 - logging_operate.py[line:29] - INFO: 73239100000.070.0{'MYGDQSZ_ZZMDGDQSZ': 0.67, 'TSL_DECILE': 0.33}
2021-12-13 19:49:45,945 - logging_operate.py[line:29] - INFO: 73239300000.010.02{'MYGDQSZ_ZZMDGDQSZ': 0.16, 'DLSBSL_CKSL_DECILE': 0.27, 'DLSBRMBLAJ_RMBLAJ_DECILE': 0.27, 'DLSBMYLAJ_MYLAJ_DECILE': 0.27, 'TSL_DECILE': 0.01, 'BFHGHBSZ_DM': 0.01, 'LXBZ': 0.01}
2021-12-13 19:49:46,237 - logging_operate.py[line:29] - INFO: 73239900000.010.0{'DLSBSL_CKSL_DECILE': 0.05, 'DLSBRMBLAJ_RMBLAJ_DECILE': 0.05, 'DLSBMYLAJ_MYLAJ_DECILE': 0.05, 'MYGDQSZ_ZZMDGDQSZ': 0.29, 'ZFHL_DECILE': 0.05, 'ZFJSFS_DM': 0.05, 'ZFHGHBSZ_DM': 0.05, 'TSL_DECILE': 0.24, 'YSFS_DM': 0.05, 'LXBZ': 0.1, 'HGSPMC_EXTEND': 0.05}
2021-12-13 19:49:46,461 - logging_operate.py[line:29] - INFO: 73241000000.040.0{'TSSBSL_CKSL_DECILE': 0.33, 'TSL_DECILE': 0.67}
2021-12-13 19:49:46,715 - logging_operate.py[line:29] - INFO: 73249000000.070.0{'MYGDQSZ_ZZMDGDQSZ': 0.13, 'BFHGHBSZ_DM': 0.87}
2021-12-13 19:49:47,012 - logging_operate.py[line:29] - INFO: 73251010000.050.0{'MYGDQSZ_ZZMDGDQSZ': 0.02, 'TYMYLAJ_MYLAJ_DECILE': 0.02, 'DLSBMYLAJ_MYLAJ_DECILE': 0.02, 'TSSBSL_CKSL_DECILE': 0.07, 'TSL_DECILE': 0.06, 'BFHGHBSZ_DM': 0.8, 'CJHGHBSZ_DM': 0.02}
2021-12-13 19:49:47,284 - logging_operate.py[line:29] - INFO: 73251090000.260.03{'MYGDQSZ_ZZMDGDQSZ': 0.02, 'DLSBSL_CKSL_DECILE': 0.08, 'DLSBRMBLAJ_RMBLAJ_DECILE': 0.08, 'DLSBMYLAJ_MYLAJ_DECILE': 0.08, 'TSSBSL_CKSL_DECILE': 0.45, 'BFHGHBSZ_DM': 0.27, 'TSL_DECILE': 0.02}
2021-12-13 19:49:47,487 - logging_operate.py[line:29] - INFO: 73259100000.050.0{'TSSBSL_CKSL_DECILE': 1.0}
2021-12-13 19:49:47,773 - logging_operate.py[line:29] - INFO: 73259910000.030.0{'MYGDQSZ_ZZMDGDQSZ': 0.3, 'TSL_DECILE': 0.3, 'TSSBSL_CKSL_DECILE': 0.09, 'CJHGHBSZ_DM': 0.22, 'BFHGHBSZ_DM': 0.04, 'HGSPMC_EXTEND': 0.04}
2021-12-13 19:49:48,024 - logging_operate.py[line:29] - INFO: 73259990000.00.0{'DLSBSL_CKSL_DECILE': 0.25, 'DLSBRMBLAJ_RMBLAJ_DECILE': 0.25, 'DLSBMYLAJ_MYLAJ_DECILE': 0.25, 'TSL_DECILE': 0.25}
2021-12-13 19:49:48,297 - logging_operate.py[line:29] - INFO: 73261100000.070.0{'DLSBSL_CKSL_DECILE': 0.03, 'DLSBRMBLAJ_RMBLAJ_DECILE': 0.03, 'DLSBMYLAJ_MYLAJ_DECILE': 0.03, 'HGSPMC_EXTEND': 0.7, 'TSL_DECILE': 0.2}
2021-12-13 19:49:48,668 - logging_operate.py[line:29] - INFO: 73261910000.040.0{'ZFHL_DECILE': 0.02, 'ZFJSFS_DM': 0.02, 'ZFHGHBSZ_DM': 0.02, 'LXBZ': 0.02, 'TYRMBLAJ_RMBLAJ_DECILE': 0.0, 'TYSL_CKSL_DECILE': 0.0, 'TYMYLAJ_MYLAJ_DECILE': 0.01, 'MYGDQSZ_ZZMDGDQSZ': 0.01, 'DLSBSL_CKSL_DECILE': 0.01, 'DLSBRMBLAJ_RMBLAJ_DECILE': 0.01, 'DLSBMYLAJ_MYLAJ_DECILE': 0.01, 'TSSBSL_CKSL_DECILE': 0.24, 'TSL_DECILE': 0.41, 'BFJSFS_DM': 0.0, 'HGSPMC_EXTEND': 0.03, 'BFHGHBSZ_DM': 0.1, 'CJHGHBSZ_DM': 0.07}
2021-12-13 19:49:48,979 - logging_operate.py[line:29] - INFO: 73261990000.020.0{'MYGDQSZ_ZZMDGDQSZ': 0.09, 'HGSPMC_EXTEND': 0.34, 'TSL_DECILE': 0.25, 'TSSBSL_CKSL_DECILE': 0.07, 'BFHGHBSZ_DM': 0.07, 'CJHGHBSZ_DM': 0.18}
2021-12-13 19:49:49,280 - logging_operate.py[line:29] - INFO: 73262010000.120.0{'DLSBSL_CKSL_DECILE': 0.01, 'DLSBRMBLAJ_RMBLAJ_DECILE': 0.01, 'DLSBMYLAJ_MYLAJ_DECILE': 0.01, 'TSSBSL_CKSL_DECILE': 0.06, 'HGSPMC_EXTEND': 0.33, 'BFHGHBSZ_DM': 0.53, 'TSL_DECILE': 0.05, 'CJHGHBSZ_DM': 0.01}
2021-12-13 19:49:49,602 - logging_operate.py[line:29] - INFO: 73262090000.020.09{'DLSBSL_CKSL_DECILE': 0.3, 'DLSBRMBLAJ_RMBLAJ_DECILE': 0.3, 'DLSBMYLAJ_MYLAJ_DECILE': 0.3, 'CJHGHBSZ_DM': 0.02, 'ZMXZ_DM': 0.01, 'MYGDQSZ_ZZMDGDQSZ': 0.03, 'TSL_DECILE': 0.03, 'LXBZ': 0.0, 'BFHGHBSZ_DM': 0.0}
2021-12-13 19:49:49,825 - logging_operate.py[line:29] - INFO: 73269011000.080.0{'BFHGHBSZ_DM': 1.0}
2021-12-13 19:49:50,569 - logging_operate.py[line:29] - INFO: 73269019000.030.01{'ZFHL_DECILE': 0.07, 'ZFJSFS_DM': 0.07, 'ZFHGHBSZ_DM': 0.07, 'LXBZ': 0.06, 'TYSL_CKSL_DECILE': 0.0, 'TYMYLAJ_MYLAJ_DECILE': 0.01, 'CJHGHBSZ_DM': 0.05, 'MYGDQSZ_ZZMDGDQSZ': 0.06, 'HGCJFS_DM': 0.06, 'DLSBMYLAJ_MYLAJ_DECILE': 0.03, 'DLSBSL_CKSL_DECILE': 0.02, 'DLSBRMBLAJ_RMBLAJ_DECILE': 0.02, 'TYRMBLAJ_RMBLAJ_DECILE': 0.0, 'HGSPMC_EXTEND': 0.07, 'BFHGHBSZ_DM': 0.12, 'TSL_DECILE': 0.19, 'YFJSFS_DM': 0.01, 'ZMXZ_DM': 0.0, 'TSSBSL_CKSL_DECILE': 0.09, 'BFHL_DECILE': 0.01, 'BFJSFS_DM': 0.0, 'YFHL_DECILE': 0.0}
2021-12-13 19:49:51,326 - logging_operate.py[line:29] - INFO: 73269090000.040.02{'DLSBSL_CKSL_DECILE': 0.15, 'DLSBRMBLAJ_RMBLAJ_DECILE': 0.16, 'DLSBMYLAJ_MYLAJ_DECILE': 0.16, 'MYGDQSZ_ZZMDGDQSZ': 0.12, 'ZFHL_DECILE': 0.01, 'ZFJSFS_DM': 0.01, 'ZFHGHBSZ_DM': 0.01, 'LXBZ': 0.01, 'TYMYLAJ_MYLAJ_DECILE': 0.01, 'CJHGHBSZ_DM': 0.03, 'HGCJFS_DM': 0.0, 'TYRMBLAJ_RMBLAJ_DECILE': 0.0, 'TSL_DECILE': 0.07, 'ZMXZ_DM': 0.0, 'TSSBSL_CKSL_DECILE': 0.04, 'HGSPMC_EXTEND': 0.14, 'BFJSFS_DM': 0.0, 'BFHGHBSZ_DM': 0.07, 'YFJSFS_DM': 0.0, 'BFHL_DECILE': 0.03}
2021-12-13 19:49:51,573 - logging_operate.py[line:29] - INFO: 74040000900.20.07{'ZFHL_DECILE': 0.14, 'ZFJSFS_DM': 0.14, 'ZFHGHBSZ_DM': 0.14, 'LXBZ': 0.14, 'HGSPMC_EXTEND': 0.43}
2021-12-13 19:49:51,746 - logging_operate.py[line:29] - INFO: 74061040000.00.5{'ZFHL_DECILE': 0.33, 'ZFJSFS_DM': 0.33, 'ZFHGHBSZ_DM': 0.33}
2021-12-13 19:49:51,966 - logging_operate.py[line:29] - INFO: 74071090000.070.0{'BFHGHBSZ_DM': 1.0}
2021-12-13 19:49:52,161 - logging_operate.py[line:29] - INFO: 74072119000.00.3{'DLSBSL_CKSL_DECILE': 0.33, 'DLSBRMBLAJ_RMBLAJ_DECILE': 0.33, 'DLSBMYLAJ_MYLAJ_DECILE': 0.33}
2021-12-13 19:49:52,400 - logging_operate.py[line:29] - INFO: 74072900000.060.0{'HGSPMC_EXTEND': 1.0}
2021-12-13 19:49:52,644 - logging_operate.py[line:29] - INFO: 74081100000.040.0{'HGSPMC_EXTEND': 0.14, 'TSL_DECILE': 0.86}
2021-12-13 19:49:52,926 - logging_operate.py[line:29] - INFO: 74081900900.030.0{'TYRMBLAJ_RMBLAJ_DECILE': 0.06, 'TYMYLAJ_MYLAJ_DECILE': 0.06, 'DLSBRMBLAJ_RMBLAJ_DECILE': 0.06, 'DLSBMYLAJ_MYLAJ_DECILE': 0.06, 'CJHGHBSZ_DM': 0.09, 'TSL_DECILE': 0.5, 'TSSBSL_CKSL_DECILE': 0.12, 'HGSPMC_EXTEND': 0.03}
2021-12-13 19:49:53,134 - logging_operate.py[line:29] - INFO: 74082100000.00.04{'DLSBSL_CKSL_DECILE': 0.33, 'DLSBRMBLAJ_RMBLAJ_DECILE': 0.33, 'DLSBMYLAJ_MYLAJ_DECILE': 0.33}
2021-12-13 19:49:53,370 - logging_operate.py[line:29] - INFO: 74082900000.020.0{'MYGDQSZ_ZZMDGDQSZ': 0.5, 'BFJSFS_DM': 0.5}
2021-12-13 19:49:53,598 - logging_operate.py[line:29] - INFO: 74091190000.010.0{'YFJSFS_DM': 1.0}
2021-12-13 19:49:53,831 - logging_operate.py[line:29] - INFO: 74091900000.030.0{'HGSPMC_EXTEND': 0.75, 'CJHGHBSZ_DM': 0.25}
2021-12-13 19:49:54,049 - logging_operate.py[line:29] - INFO: 74092100000.040.02{'DLSBSL_CKSL_DECILE': 0.2, 'DLSBRMBLAJ_RMBLAJ_DECILE': 0.2, 'DLSBMYLAJ_MYLAJ_DECILE': 0.2, 'TSL_DECILE': 0.4}
2021-12-13 19:49:54,257 - logging_operate.py[line:29] - INFO: 74092900000.00.07{'DLSBSL_CKSL_DECILE': 0.33, 'DLSBRMBLAJ_RMBLAJ_DECILE': 0.33, 'DLSBMYLAJ_MYLAJ_DECILE': 0.33}
2021-12-13 19:49:54,563 - logging_operate.py[line:29] - INFO: 74093100000.010.0{'ZFHGHBSZ_DM': 0.3, 'TSL_DECILE': 0.7}
2021-12-13 19:49:54,817 - logging_operate.py[line:29] - INFO: 74101100000.030.02{'DLSBSL_CKSL_DECILE': 0.16, 'DLSBRMBLAJ_RMBLAJ_DECILE': 0.16, 'DLSBMYLAJ_MYLAJ_DECILE': 0.16, 'ZFHL_DECILE': 0.05, 'ZFJSFS_DM': 0.05, 'ZFHGHBSZ_DM': 0.05, 'TSL_DECILE': 0.08, 'ZMXZ_DM': 0.03, 'LXBZ': 0.03, 'BFHGHBSZ_DM': 0.24}
2021-12-13 19:49:55,088 - logging_operate.py[line:29] - INFO: 74101290000.010.0{'ZFHGHBSZ_DM': 0.31, 'ZFHL_DECILE': 0.15, 'ZFJSFS_DM': 0.15, 'TSL_DECILE': 0.38}
2021-12-13 19:49:55,422 - logging_operate.py[line:29] - INFO: 74102110000.010.01{'DLSBSL_CKSL_DECILE': 0.21, 'DLSBRMBLAJ_RMBLAJ_DECILE': 0.21, 'DLSBMYLAJ_MYLAJ_DECILE': 0.21, 'MYGDQSZ_ZZMDGDQSZ': 0.03, 'TSL_DECILE': 0.07, 'BFHGHBSZ_DM': 0.29}
2021-12-13 19:49:55,703 - logging_operate.py[line:29] - INFO: 74102190000.010.0{'TYRMBLAJ_RMBLAJ_DECILE': 0.18, 'TYSL_CKSL_DECILE': 0.18, 'TYMYLAJ_MYLAJ_DECILE': 0.18, 'BFHGHBSZ_DM': 0.09, 'TSL_DECILE': 0.18, 'TSSBSL_CKSL_DECILE': 0.18}
2021-12-13 19:49:55,887 - logging_operate.py[line:29] - INFO: 74102210000.250.0{'TSL_DECILE': 0.5, 'TSSBSL_CKSL_DECILE': 0.5}
2021-12-13 19:49:56,120 - logging_operate.py[line:29] - INFO: 74111011000.010.01{'DLSBSL_CKSL_DECILE': 0.25, 'DLSBRMBLAJ_RMBLAJ_DECILE': 0.25, 'DLSBMYLAJ_MYLAJ_DECILE': 0.25, 'TSL_DECILE': 0.25}
2021-12-13 19:49:56,420 - logging_operate.py[line:29] - INFO: 74111019010.00.0{'TSSBSL_CKSL_DECILE': 0.25, 'TSL_DECILE': 0.75}
2021-12-13 19:49:56,698 - logging_operate.py[line:29] - INFO: 74111019900.030.02{'DLSBSL_CKSL_DECILE': 0.09, 'DLSBRMBLAJ_RMBLAJ_DECILE': 0.09, 'DLSBMYLAJ_MYLAJ_DECILE': 0.09, 'TYRMBLAJ_RMBLAJ_DECILE': 0.12, 'TYSL_CKSL_DECILE': 0.12, 'TYMYLAJ_MYLAJ_DECILE': 0.12, 'TSSBSL_CKSL_DECILE': 0.09, 'TSL_DECILE': 0.18, 'BFJSFS_DM': 0.03, 'CJHGHBSZ_DM': 0.06}
2021-12-13 19:49:56,971 - logging_operate.py[line:29] - INFO: 74111090000.010.0{'MYGDQSZ_ZZMDGDQSZ': 0.2, 'HGSPMC_EXTEND': 0.4, 'TSL_DECILE': 0.4}
2021-12-13 19:49:57,210 - logging_operate.py[line:29] - INFO: 74112190000.010.0{'TSSBSL_CKSL_DECILE': 0.33, 'BFJSFS_DM': 0.33, 'TSL_DECILE': 0.33}
2021-12-13 19:49:57,453 - logging_operate.py[line:29] - INFO: 74112200000.010.0{'TSL_DECILE': 1.0}
2021-12-13 19:49:57,695 - logging_operate.py[line:29] - INFO: 74112900000.060.01{'DLSBSL_CKSL_DECILE': 0.12, 'DLSBRMBLAJ_RMBLAJ_DECILE': 0.12, 'DLSBMYLAJ_MYLAJ_DECILE': 0.12, 'TSL_DECILE': 0.06, 'TSSBSL_CKSL_DECILE': 0.18, 'BFHGHBSZ_DM': 0.41}
2021-12-13 19:49:57,926 - logging_operate.py[line:29] - INFO: 74121000000.030.0{'TSL_DECILE': 0.5, 'TSSBSL_CKSL_DECILE': 0.5}
2021-12-13 19:49:58,164 - logging_operate.py[line:29] - INFO: 74122010000.050.0{'BFHGHBSZ_DM': 1.0}
2021-12-13 19:49:58,512 - logging_operate.py[line:29] - INFO: 74122090000.040.0{'ZFHL_DECILE': 0.01, 'ZFJSFS_DM': 0.01, 'ZFHGHBSZ_DM': 0.01, 'HGSPMC_EXTEND': 0.02, 'BFHGHBSZ_DM': 0.4, 'TSL_DECILE': 0.17, 'TSSBSL_CKSL_DECILE': 0.17, 'CJHGHBSZ_DM': 0.22}
2021-12-13 19:49:58,771 - logging_operate.py[line:29] - INFO: 74130000000.270.0{'ZFHL_DECILE': 0.01, 'ZFJSFS_DM': 0.01, 'ZFHGHBSZ_DM': 0.01, 'BFHGHBSZ_DM': 0.05, 'TSL_DECILE': 0.45, 'TSSBSL_CKSL_DECILE': 0.45, 'CJHGHBSZ_DM': 0.03}
2021-12-13 19:49:59,078 - logging_operate.py[line:29] - INFO: 74152100000.080.03{'ZFHL_DECILE': 0.12, 'ZFJSFS_DM': 0.12, 'ZFHGHBSZ_DM': 0.12, 'MYGDQSZ_ZZMDGDQSZ': 0.04, 'LXBZ': 0.07, 'CJHGHBSZ_DM': 0.11, 'TSL_DECILE': 0.17, 'TSSBSL_CKSL_DECILE': 0.17, 'BFHGHBSZ_DM': 0.08}
2021-12-13 19:49:59,353 - logging_operate.py[line:29] - INFO: 74152900000.040.1{'ZFHL_DECILE': 0.21, 'ZFJSFS_DM': 0.21, 'ZFHGHBSZ_DM': 0.21, 'LXBZ': 0.21, 'TYMYLAJ_MYLAJ_DECILE': 0.01, 'DLSBMYLAJ_MYLAJ_DECILE': 0.01, 'TSSBSL_CKSL_DECILE': 0.06, 'TSL_DECILE': 0.06, 'CJHGHBSZ_DM': 0.01, 'BFHGHBSZ_DM': 0.02}
2021-12-13 19:49:59,709 - logging_operate.py[line:29] - INFO: 74153390000.030.03{'ZFHL_DECILE': 0.17, 'ZFJSFS_DM': 0.17, 'ZFHGHBSZ_DM': 0.17, 'LXBZ': 0.13, 'HGCJFS_DM': 0.04, 'MYGDQSZ_ZZMDGDQSZ': 0.01, 'YFJSFS_DM': 0.0, 'BFHGHBSZ_DM': 0.07, 'CJHGHBSZ_DM': 0.07, 'TYMYLAJ_MYLAJ_DECILE': 0.0, 'DLSBMYLAJ_MYLAJ_DECILE': 0.0, 'TSSBMYLAJ_MYLAJ_DECILE': 0.0, 'HGSPMC_EXTEND': 0.02, 'TSL_DECILE': 0.07, 'TSSBSL_CKSL_DECILE': 0.07}
2021-12-13 19:49:59,978 - logging_operate.py[line:29] - INFO: 74153900000.00.01{'ZFHL_DECILE': 0.24, 'ZFJSFS_DM': 0.24, 'ZFHGHBSZ_DM': 0.24, 'LXBZ': 0.24, 'CJHGHBSZ_DM': 0.05}
2021-12-13 19:50:00,211 - logging_operate.py[line:29] - INFO: 74182000000.080.0{'BFHGHBSZ_DM': 1.0}
2021-12-13 19:50:00,462 - logging_operate.py[line:29] - INFO: 74199110000.110.0{'TYMYLAJ_MYLAJ_DECILE': 0.02, 'DLSBMYLAJ_MYLAJ_DECILE': 0.02, 'TSSBMYLAJ_MYLAJ_DECILE': 0.02, 'YFJSFS_DM': 0.02, 'TSL_DECILE': 0.34, 'TSSBSL_CKSL_DECILE': 0.34, 'BFHGHBSZ_DM': 0.15, 'CJHGHBSZ_DM': 0.09}
2021-12-13 19:50:00,677 - logging_operate.py[line:29] - INFO: 74199190000.080.0{'TSL_DECILE': 1.0}
2021-12-13 19:50:00,899 - logging_operate.py[line:29] - INFO: 74199920000.00.05{'ZFHL_DECILE': 0.27, 'ZFJSFS_DM': 0.27, 'ZFHGHBSZ_DM': 0.27, 'LXBZ': 0.18}
2021-12-13 19:50:01,265 - logging_operate.py[line:29] - INFO: 74199991000.130.0{'ZFHL_DECILE': 0.01, 'ZFJSFS_DM': 0.01, 'ZFHGHBSZ_DM': 0.01, 'LXBZ': 0.0, 'DLSBSL_CKSL_DECILE': 0.0, 'DLSBRMBLAJ_RMBLAJ_DECILE': 0.0, 'DLSBMYLAJ_MYLAJ_DECILE': 0.0, 'TSL_DECILE': 0.19, 'TSSBSL_CKSL_DECILE': 0.19, 'BFHGHBSZ_DM': 0.22, 'CJHGHBSZ_DM': 0.32, 'YFJSFS_DM': 0.0, 'HGSPMC_EXTEND': 0.01}
2021-12-13 19:50:01,545 - logging_operate.py[line:29] - INFO: 74199999000.010.01{'DLSBSL_CKSL_DECILE': 0.24, 'DLSBRMBLAJ_RMBLAJ_DECILE': 0.24, 'DLSBMYLAJ_MYLAJ_DECILE': 0.24, 'BFHGHBSZ_DM': 0.07, 'TSSBSL_CKSL_DECILE': 0.21}
2021-12-13 19:50:01,786 - logging_operate.py[line:29] - INFO: 75051200000.140.01{'DLSBSL_CKSL_DECILE': 0.07, 'DLSBRMBLAJ_RMBLAJ_DECILE': 0.07, 'DLSBMYLAJ_MYLAJ_DECILE': 0.07, 'TSL_DECILE': 0.13, 'BFHGHBSZ_DM': 0.27, 'TSSBSL_CKSL_DECILE': 0.33, 'CJHGHBSZ_DM': 0.07}
2021-12-13 19:50:02,092 - logging_operate.py[line:29] - INFO: 75052200000.160.0{'CJHGHBSZ_DM': 1.0}
2021-12-13 19:50:02,386 - logging_operate.py[line:29] - INFO: 75061000000.00.02{'TYRMBLAJ_RMBLAJ_DECILE': 0.18, 'TYSL_CKSL_DECILE': 0.19, 'TYMYLAJ_MYLAJ_DECILE': 0.19, 'DLSBSL_CKSL_DECILE': 0.12, 'DLSBRMBLAJ_RMBLAJ_DECILE': 0.12, 'DLSBMYLAJ_MYLAJ_DECILE': 0.12, 'TSL_DECILE': 0.07}
